<?xml version="1.0" encoding="UTF-8"?>
<testsuite name="de.prokimedo.test.KrankheitTest" time="0.106" tests="12" errors="12" skipped="0" failures="0">
  <properties>
[...]
</properties>
  <testcase name="getMedikamentKrankheitTest" classname="de.prokimedo.test.KrankheitTest" time="0.033">
    <error message="Could not open JPA EntityManager for transaction; nested exception is javax.persistence.PersistenceException: org.hibernate.exception.GenericJDBCException: Could not open connection" type="org.springframework.transaction.CannotCreateTransactionException"><![CDATA[org.springframework.transaction.CannotCreateTransactionException: Could not open JPA EntityManager for transaction; nested exception is javax.persistence.PersistenceException: org.hibernate.exception.GenericJDBCException: Could not open connection
	at org.h2.mvstore.DataUtils.newIllegalStateException(DataUtils.java:773)
	at org.h2.mvstore.FileStore.open(FileStore.java:172)
	at org.h2.mvstore.MVStore.<init>(MVStore.java:342)
	at org.h2.mvstore.MVStore$Builder.open(MVStore.java:2888)
	at org.h2.mvstore.db.MVTableEngine$Store.open(MVTableEngine.java:154)
	at org.h2.mvstore.db.MVTableEngine.init(MVTableEngine.java:99)
	at org.h2.engine.Database.getPageStore(Database.java:2450)
	at org.h2.engine.Database.open(Database.java:672)
	at org.h2.engine.Database.openDatabase(Database.java:269)
	at org.h2.engine.Database.<init>(Database.java:263)
	at org.h2.engine.Engine.openSession(Engine.java:65)
	at org.h2.engine.Engine.openSession(Engine.java:175)
	at org.h2.engine.Engine.createSessionAndValidate(Engine.java:153)
	at org.h2.engine.Engine.createSession(Engine.java:136)
	at org.h2.engine.Engine.createSession(Engine.java:28)
	at org.h2.engine.SessionRemote.connectEmbeddedOrServer(SessionRemote.java:349)
	at org.h2.jdbc.JdbcConnection.<init>(JdbcConnection.java:107)
	at org.h2.jdbc.JdbcConnection.<init>(JdbcConnection.java:91)
	at org.h2.Driver.connect(Driver.java:72)
	at org.apache.tomcat.jdbc.pool.PooledConnection.connectUsingDriver(PooledConnection.java:307)
	at org.apache.tomcat.jdbc.pool.PooledConnection.connect(PooledConnection.java:200)
	at org.apache.tomcat.jdbc.pool.ConnectionPool.createConnection(ConnectionPool.java:708)
	at org.apache.tomcat.jdbc.pool.ConnectionPool.borrowConnection(ConnectionPool.java:642)
	at org.apache.tomcat.jdbc.pool.ConnectionPool.init(ConnectionPool.java:464)
	at org.apache.tomcat.jdbc.pool.ConnectionPool.<init>(ConnectionPool.java:141)
	at org.apache.tomcat.jdbc.pool.DataSourceProxy.pCreatePool(DataSourceProxy.java:115)
	at org.apache.tomcat.jdbc.pool.DataSourceProxy.createPool(DataSourceProxy.java:102)
	at org.apache.tomcat.jdbc.pool.DataSourceProxy.getConnection(DataSourceProxy.java:126)
	at org.hibernate.engine.jdbc.connections.internal.DatasourceConnectionProviderImpl.getConnection(DatasourceConnectionProviderImpl.java:139)
	at org.hibernate.internal.AbstractSessionImpl$NonContextualJdbcConnectionAccess.obtainConnection(AbstractSessionImpl.java:380)
	at org.hibernate.engine.jdbc.internal.LogicalConnectionImpl.obtainConnection(LogicalConnectionImpl.java:228)
	at org.hibernate.engine.jdbc.internal.LogicalConnectionImpl.getConnection(LogicalConnectionImpl.java:171)
	at org.hibernate.engine.transaction.internal.jdbc.JdbcTransaction.doBegin(JdbcTransaction.java:67)
	at org.hibernate.engine.transaction.spi.AbstractTransactionImpl.begin(AbstractTransactionImpl.java:162)
	at org.hibernate.internal.SessionImpl.beginTransaction(SessionImpl.java:1471)
	at org.hibernate.jpa.internal.TransactionImpl.begin(TransactionImpl.java:61)
	at org.springframework.orm.jpa.vendor.HibernateJpaDialect.beginTransaction(HibernateJpaDialect.java:170)
	at org.springframework.orm.jpa.JpaTransactionManager.doBegin(JpaTransactionManager.java:380)
	at org.springframework.transaction.support.AbstractPlatformTransactionManager.getTransaction(AbstractPlatformTransactionManager.java:373)
	at org.springframework.transaction.interceptor.TransactionAspectSupport.createTransactionIfNecessary(TransactionAspectSupport.java:427)
	at org.springframework.transaction.interceptor.TransactionAspectSupport.invokeWithinTransaction(TransactionAspectSupport.java:276)
	at org.springframework.transaction.interceptor.TransactionInterceptor.invoke(TransactionInterceptor.java:96)
	at org.springframework.aop.framework.ReflectiveMethodInvocation.proceed(ReflectiveMethodInvocation.java:179)
	at org.springframework.dao.support.PersistenceExceptionTranslationInterceptor.invoke(PersistenceExceptionTranslationInterceptor.java:136)
	at org.springframework.aop.framework.ReflectiveMethodInvocation.proceed(ReflectiveMethodInvocation.java:179)
	at org.springframework.data.jpa.repository.support.CrudMethodMetadataPostProcessor$CrudMethodMetadataPopulatingMethodInterceptor.invoke(CrudMethodMetadataPostProcessor.java:131)
	at org.springframework.aop.framework.ReflectiveMethodInvocation.proceed(ReflectiveMethodInvocation.java:179)
	at org.springframework.aop.interceptor.ExposeInvocationInterceptor.invoke(ExposeInvocationInterceptor.java:92)
	at org.springframework.aop.framework.ReflectiveMethodInvocation.proceed(ReflectiveMethodInvocation.java:179)
	at org.springframework.aop.framework.JdkDynamicAopProxy.invoke(JdkDynamicAopProxy.java:208)
	at com.sun.proxy.$Proxy101.deleteAll(Unknown Source)
	at de.prokimedo.test.KrankheitTest.setUp(KrankheitTest.java:87)
]]></error>
    <system-out><![CDATA[13:31:27.795 [main] DEBUG o.s.t.c.j.SpringJUnit4ClassRunner - SpringJUnit4ClassRunner constructor called with [class de.prokimedo.test.KrankheitTest]
13:31:27.804 [main] DEBUG o.s.test.context.BootstrapUtils - Instantiating CacheAwareContextLoaderDelegate from class [org.springframework.test.context.cache.DefaultCacheAwareContextLoaderDelegate]
13:31:27.810 [main] DEBUG o.s.test.context.BootstrapUtils - Instantiating BootstrapContext using constructor [public org.springframework.test.context.support.DefaultBootstrapContext(java.lang.Class,org.springframework.test.context.CacheAwareContextLoaderDelegate)]
13:31:27.829 [main] DEBUG o.s.test.context.BootstrapUtils - Instantiating TestContextBootstrapper for test class [de.prokimedo.test.KrankheitTest] from class [org.springframework.boot.test.WebAppIntegrationTestContextBootstrapper]
13:31:27.854 [main] DEBUG o.s.b.t.WebAppIntegrationTestContextBootstrapper - Found explicit ContextLoader class [org.springframework.boot.test.SpringApplicationContextLoader] for context configuration attributes [ContextConfigurationAttributes@7d70d1b1 declaringClass = 'de.prokimedo.test.KrankheitTest', classes = '{class de.prokimedo.Application}', locations = '{}', inheritLocations = true, initializers = '{}', inheritInitializers = true, name = [null], contextLoaderClass = 'org.springframework.boot.test.SpringApplicationContextLoader']
13:31:27.867 [main] DEBUG o.s.t.c.s.AbstractContextLoader - Did not detect default resource location for test class [de.prokimedo.test.KrankheitTest]: class path resource [de/prokimedo/test/KrankheitTest-context.xml] does not exist
13:31:27.868 [main] DEBUG o.s.t.c.s.AbstractContextLoader - Did not detect default resource location for test class [de.prokimedo.test.KrankheitTest]: class path resource [de/prokimedo/test/KrankheitTestContext.groovy] does not exist
13:31:27.870 [main] INFO  o.s.t.c.s.AbstractContextLoader - Could not detect default resource locations for test class [de.prokimedo.test.KrankheitTest]: no resource found for suffixes {-context.xml, Context.groovy}.
13:31:27.873 [main] DEBUG o.s.t.c.support.ActiveProfilesUtils - Could not find an 'annotation declaring class' for annotation type [org.springframework.test.context.ActiveProfiles] and class [de.prokimedo.test.KrankheitTest]
13:31:27.879 [main] DEBUG o.s.test.util.ReflectionTestUtils - Setting field 'propertySourceProperties' of type [null] on target object [[WebMergedContextConfiguration@3aeaafa6 testClass = KrankheitTest, locations = '{}', classes = '{class de.prokimedo.Application}', contextInitializerClasses = '[]', activeProfiles = '{}', propertySourceLocations = '{}', propertySourceProperties = '{}', resourceBasePath = '', contextLoader = 'org.springframework.boot.test.SpringApplicationContextLoader', parent = [null]]] or target class [class org.springframework.test.context.web.WebMergedContextConfiguration] to value [[Ljava.lang.String;@76a3e297]
13:31:27.880 [main] DEBUG o.s.b.t.WebAppIntegrationTestContextBootstrapper - @TestExecutionListeners is not present for class [de.prokimedo.test.KrankheitTest]: using defaults.
13:31:27.887 [main] INFO  o.s.b.t.WebAppIntegrationTestContextBootstrapper - Loaded default TestExecutionListener class names from location [META-INF/spring.factories]: [org.springframework.test.context.web.ServletTestExecutionListener, org.springframework.test.context.support.DirtiesContextBeforeModesTestExecutionListener, org.springframework.test.context.support.DependencyInjectionTestExecutionListener, org.springframework.test.context.support.DirtiesContextTestExecutionListener, org.springframework.test.context.transaction.TransactionalTestExecutionListener, org.springframework.test.context.jdbc.SqlScriptsTestExecutionListener]
13:31:27.905 [main] INFO  o.s.b.t.WebAppIntegrationTestContextBootstrapper - Using TestExecutionListeners: [org.springframework.test.context.web.ServletTestExecutionListener@17211155, org.springframework.test.context.support.DirtiesContextBeforeModesTestExecutionListener@b3d7190, org.springframework.test.context.support.DependencyInjectionTestExecutionListener@5fdba6f9, org.springframework.test.context.support.DirtiesContextTestExecutionListener@10d59286, org.springframework.test.context.transaction.TransactionalTestExecutionListener@fe18270, org.springframework.test.context.jdbc.SqlScriptsTestExecutionListener@6fb0d3ed]
13:31:27.908 [main] DEBUG o.s.t.c.j.SpringJUnit4ClassRunner - SpringJUnit4ClassRunner constructor called with [class de.prokimedo.test.ImageTest]
13:31:27.908 [main] DEBUG o.s.test.context.BootstrapUtils - Instantiating CacheAwareContextLoaderDelegate from class [org.springframework.test.context.cache.DefaultCacheAwareContextLoaderDelegate]
13:31:27.909 [main] DEBUG o.s.test.context.BootstrapUtils - Instantiating BootstrapContext using constructor [public org.springframework.test.context.support.DefaultBootstrapContext(java.lang.Class,org.springframework.test.context.CacheAwareContextLoaderDelegate)]
13:31:27.910 [main] DEBUG o.s.test.context.BootstrapUtils - Instantiating TestContextBootstrapper for test class [de.prokimedo.test.ImageTest] from class [org.springframework.boot.test.WebAppIntegrationTestContextBootstrapper]
13:31:27.911 [main] DEBUG o.s.b.t.WebAppIntegrationTestContextBootstrapper - Found explicit ContextLoader class [org.springframework.boot.test.SpringApplicationContextLoader] for context configuration attributes [ContextConfigurationAttributes@68ceda24 declaringClass = 'de.prokimedo.test.ImageTest', classes = '{class de.prokimedo.Application}', locations = '{}', inheritLocations = true, initializers = '{}', inheritInitializers = true, name = [null], contextLoaderClass = 'org.springframework.boot.test.SpringApplicationContextLoader']
13:31:27.912 [main] DEBUG o.s.t.c.s.AbstractContextLoader - Did not detect default resource location for test class [de.prokimedo.test.ImageTest]: class path resource [de/prokimedo/test/ImageTest-context.xml] does not exist
13:31:27.913 [main] DEBUG o.s.t.c.s.AbstractContextLoader - Did not detect default resource location for test class [de.prokimedo.test.ImageTest]: class path resource [de/prokimedo/test/ImageTestContext.groovy] does not exist
13:31:27.913 [main] INFO  o.s.t.c.s.AbstractContextLoader - Could not detect default resource locations for test class [de.prokimedo.test.ImageTest]: no resource found for suffixes {-context.xml, Context.groovy}.
13:31:27.913 [main] DEBUG o.s.t.c.support.ActiveProfilesUtils - Could not find an 'annotation declaring class' for annotation type [org.springframework.test.context.ActiveProfiles] and class [de.prokimedo.test.ImageTest]
13:31:27.914 [main] DEBUG o.s.test.util.ReflectionTestUtils - Setting field 'propertySourceProperties' of type [null] on target object [[WebMergedContextConfiguration@281e3708 testClass = ImageTest, locations = '{}', classes = '{class de.prokimedo.Application}', contextInitializerClasses = '[]', activeProfiles = '{}', propertySourceLocations = '{}', propertySourceProperties = '{}', resourceBasePath = '', contextLoader = 'org.springframework.boot.test.SpringApplicationContextLoader', parent = [null]]] or target class [class org.springframework.test.context.web.WebMergedContextConfiguration] to value [[Ljava.lang.String;@35a50a4c]
13:31:27.914 [main] DEBUG o.s.b.t.WebAppIntegrationTestContextBootstrapper - @TestExecutionListeners is not present for class [de.prokimedo.test.ImageTest]: using defaults.
13:31:27.917 [main] INFO  o.s.b.t.WebAppIntegrationTestContextBootstrapper - Loaded default TestExecutionListener class names from location [META-INF/spring.factories]: [org.springframework.test.context.web.ServletTestExecutionListener, org.springframework.test.context.support.DirtiesContextBeforeModesTestExecutionListener, org.springframework.test.context.support.DependencyInjectionTestExecutionListener, org.springframework.test.context.support.DirtiesContextTestExecutionListener, org.springframework.test.context.transaction.TransactionalTestExecutionListener, org.springframework.test.context.jdbc.SqlScriptsTestExecutionListener]
13:31:27.918 [main] INFO  o.s.b.t.WebAppIntegrationTestContextBootstrapper - Using TestExecutionListeners: [org.springframework.test.context.web.ServletTestExecutionListener@61ca2dfa, org.springframework.test.context.support.DirtiesContextBeforeModesTestExecutionListener@4b53f538, org.springframework.test.context.support.DependencyInjectionTestExecutionListener@134593bf, org.springframework.test.context.support.DirtiesContextTestExecutionListener@4bb4de6a, org.springframework.test.context.transaction.TransactionalTestExecutionListener@7ba18f1b, org.springframework.test.context.jdbc.SqlScriptsTestExecutionListener@2f8f5f62]
13:31:27.919 [main] DEBUG o.s.t.c.j.SpringJUnit4ClassRunner - SpringJUnit4ClassRunner constructor called with [class de.prokimedo.test.ConfigurationTest]
13:31:27.919 [main] DEBUG o.s.test.context.BootstrapUtils - Instantiating CacheAwareContextLoaderDelegate from class [org.springframework.test.context.cache.DefaultCacheAwareContextLoaderDelegate]
13:31:27.920 [main] DEBUG o.s.test.context.BootstrapUtils - Instantiating BootstrapContext using constructor [public org.springframework.test.context.support.DefaultBootstrapContext(java.lang.Class,org.springframework.test.context.CacheAwareContextLoaderDelegate)]
13:31:27.921 [main] DEBUG o.s.test.context.BootstrapUtils - Instantiating TestContextBootstrapper for test class [de.prokimedo.test.ConfigurationTest] from class [org.springframework.boot.test.WebAppIntegrationTestContextBootstrapper]
13:31:27.925 [main] DEBUG o.s.b.t.WebAppIntegrationTestContextBootstrapper - Found explicit ContextLoader class [org.springframework.boot.test.SpringApplicationContextLoader] for context configuration attributes [ContextConfigurationAttributes@7dc222ae declaringClass = 'de.prokimedo.test.ConfigurationTest', classes = '{class de.prokimedo.Application}', locations = '{}', inheritLocations = true, initializers = '{}', inheritInitializers = true, name = [null], contextLoaderClass = 'org.springframework.boot.test.SpringApplicationContextLoader']
13:31:27.925 [main] DEBUG o.s.t.c.s.AbstractContextLoader - Did not detect default resource location for test class [de.prokimedo.test.ConfigurationTest]: class path resource [de/prokimedo/test/ConfigurationTest-context.xml] does not exist
13:31:27.926 [main] DEBUG o.s.t.c.s.AbstractContextLoader - Did not detect default resource location for test class [de.prokimedo.test.ConfigurationTest]: class path resource [de/prokimedo/test/ConfigurationTestContext.groovy] does not exist
13:31:27.926 [main] INFO  o.s.t.c.s.AbstractContextLoader - Could not detect default resource locations for test class [de.prokimedo.test.ConfigurationTest]: no resource found for suffixes {-context.xml, Context.groovy}.
13:31:27.927 [main] DEBUG o.s.t.c.support.ActiveProfilesUtils - Could not find an 'annotation declaring class' for annotation type [org.springframework.test.context.ActiveProfiles] and class [de.prokimedo.test.ConfigurationTest]
13:31:27.928 [main] DEBUG o.s.test.util.ReflectionTestUtils - Setting field 'propertySourceProperties' of type [null] on target object [[WebMergedContextConfiguration@aecb35a testClass = ConfigurationTest, locations = '{}', classes = '{class de.prokimedo.Application}', contextInitializerClasses = '[]', activeProfiles = '{}', propertySourceLocations = '{}', propertySourceProperties = '{}', resourceBasePath = '', contextLoader = 'org.springframework.boot.test.SpringApplicationContextLoader', parent = [null]]] or target class [class org.springframework.test.context.web.WebMergedContextConfiguration] to value [[Ljava.lang.String;@5fcd892a]
13:31:27.928 [main] DEBUG o.s.b.t.WebAppIntegrationTestContextBootstrapper - @TestExecutionListeners is not present for class [de.prokimedo.test.ConfigurationTest]: using defaults.
13:31:27.933 [main] INFO  o.s.b.t.WebAppIntegrationTestContextBootstrapper - Loaded default TestExecutionListener class names from location [META-INF/spring.factories]: [org.springframework.test.context.web.ServletTestExecutionListener, org.springframework.test.context.support.DirtiesContextBeforeModesTestExecutionListener, org.springframework.test.context.support.DependencyInjectionTestExecutionListener, org.springframework.test.context.support.DirtiesContextTestExecutionListener, org.springframework.test.context.transaction.TransactionalTestExecutionListener, org.springframework.test.context.jdbc.SqlScriptsTestExecutionListener]
13:31:27.934 [main] INFO  o.s.b.t.WebAppIntegrationTestContextBootstrapper - Using TestExecutionListeners: [org.springframework.test.context.web.ServletTestExecutionListener@17baae6e, org.springframework.test.context.support.DirtiesContextBeforeModesTestExecutionListener@69379752, org.springframework.test.context.support.DependencyInjectionTestExecutionListener@27fe3806, org.springframework.test.context.support.DirtiesContextTestExecutionListener@5f71c76a, org.springframework.test.context.transaction.TransactionalTestExecutionListener@1d7acb34, org.springframework.test.context.jdbc.SqlScriptsTestExecutionListener@48a242ce]
13:31:27.938 [main] DEBUG o.s.t.c.j.SpringJUnit4ClassRunner - SpringJUnit4ClassRunner constructor called with [class de.prokimedo.test.ProzedurTest]
13:31:27.938 [main] DEBUG o.s.test.context.BootstrapUtils - Instantiating CacheAwareContextLoaderDelegate from class [org.springframework.test.context.cache.DefaultCacheAwareContextLoaderDelegate]
13:31:27.938 [main] DEBUG o.s.test.context.BootstrapUtils - Instantiating BootstrapContext using constructor [public org.springframework.test.context.support.DefaultBootstrapContext(java.lang.Class,org.springframework.test.context.CacheAwareContextLoaderDelegate)]
13:31:27.940 [main] DEBUG o.s.test.context.BootstrapUtils - Instantiating TestContextBootstrapper for test class [de.prokimedo.test.ProzedurTest] from class [org.springframework.boot.test.WebAppIntegrationTestContextBootstrapper]
13:31:27.946 [main] DEBUG o.s.b.t.WebAppIntegrationTestContextBootstrapper - Found explicit ContextLoader class [org.springframework.boot.test.SpringApplicationContextLoader] for context configuration attributes [ContextConfigurationAttributes@76b10754 declaringClass = 'de.prokimedo.test.ProzedurTest', classes = '{class de.prokimedo.Application}', locations = '{}', inheritLocations = true, initializers = '{}', inheritInitializers = true, name = [null], contextLoaderClass = 'org.springframework.boot.test.SpringApplicationContextLoader']
13:31:27.947 [main] DEBUG o.s.t.c.s.AbstractContextLoader - Did not detect default resource location for test class [de.prokimedo.test.ProzedurTest]: class path resource [de/prokimedo/test/ProzedurTest-context.xml] does not exist
13:31:27.948 [main] DEBUG o.s.t.c.s.AbstractContextLoader - Did not detect default resource location for test class [de.prokimedo.test.ProzedurTest]: class path resource [de/prokimedo/test/ProzedurTestContext.groovy] does not exist
13:31:27.948 [main] INFO  o.s.t.c.s.AbstractContextLoader - Could not detect default resource locations for test class [de.prokimedo.test.ProzedurTest]: no resource found for suffixes {-context.xml, Context.groovy}.
13:31:27.948 [main] DEBUG o.s.t.c.support.ActiveProfilesUtils - Could not find an 'annotation declaring class' for annotation type [org.springframework.test.context.ActiveProfiles] and class [de.prokimedo.test.ProzedurTest]
13:31:27.949 [main] DEBUG o.s.test.util.ReflectionTestUtils - Setting field 'propertySourceProperties' of type [null] on target object [[WebMergedContextConfiguration@2bea5ab4 testClass = ProzedurTest, locations = '{}', classes = '{class de.prokimedo.Application}', contextInitializerClasses = '[]', activeProfiles = '{}', propertySourceLocations = '{}', propertySourceProperties = '{}', resourceBasePath = '', contextLoader = 'org.springframework.boot.test.SpringApplicationContextLoader', parent = [null]]] or target class [class org.springframework.test.context.web.WebMergedContextConfiguration] to value [[Ljava.lang.String;@3d8314f0]
13:31:27.949 [main] DEBUG o.s.b.t.WebAppIntegrationTestContextBootstrapper - @TestExecutionListeners is not present for class [de.prokimedo.test.ProzedurTest]: using defaults.
13:31:27.953 [main] INFO  o.s.b.t.WebAppIntegrationTestContextBootstrapper - Loaded default TestExecutionListener class names from location [META-INF/spring.factories]: [org.springframework.test.context.web.ServletTestExecutionListener, org.springframework.test.context.support.DirtiesContextBeforeModesTestExecutionListener, org.springframework.test.context.support.DependencyInjectionTestExecutionListener, org.springframework.test.context.support.DirtiesContextTestExecutionListener, org.springframework.test.context.transaction.TransactionalTestExecutionListener, org.springframework.test.context.jdbc.SqlScriptsTestExecutionListener]
13:31:27.954 [main] INFO  o.s.b.t.WebAppIntegrationTestContextBootstrapper - Using TestExecutionListeners: [org.springframework.test.context.web.ServletTestExecutionListener@588df31b, org.springframework.test.context.support.DirtiesContextBeforeModesTestExecutionListener@33b37288, org.springframework.test.context.support.DependencyInjectionTestExecutionListener@77a57272, org.springframework.test.context.support.DirtiesContextTestExecutionListener@7181ae3f, org.springframework.test.context.transaction.TransactionalTestExecutionListener@46238e3f, org.springframework.test.context.jdbc.SqlScriptsTestExecutionListener@6e2c9341]
13:31:27.958 [main] DEBUG o.s.t.annotation.ProfileValueUtils - Retrieved @ProfileValueSourceConfiguration [null] for test class [de.prokimedo.test.KrankheitTest]
13:31:27.959 [main] DEBUG o.s.t.annotation.ProfileValueUtils - Retrieved ProfileValueSource type [class org.springframework.test.annotation.SystemProfileValueSource] for class [de.prokimedo.test.KrankheitTest]
13:31:27.961 [main] DEBUG o.s.t.annotation.ProfileValueUtils - Retrieved @ProfileValueSourceConfiguration [null] for test class [de.prokimedo.test.ImageTest]
13:31:27.961 [main] DEBUG o.s.t.annotation.ProfileValueUtils - Retrieved ProfileValueSource type [class org.springframework.test.annotation.SystemProfileValueSource] for class [de.prokimedo.test.ImageTest]
13:31:27.962 [main] DEBUG o.s.t.annotation.ProfileValueUtils - Retrieved @ProfileValueSourceConfiguration [null] for test class [de.prokimedo.test.ConfigurationTest]
13:31:27.962 [main] DEBUG o.s.t.annotation.ProfileValueUtils - Retrieved ProfileValueSource type [class org.springframework.test.annotation.SystemProfileValueSource] for class [de.prokimedo.test.ConfigurationTest]
13:31:27.963 [main] DEBUG o.s.t.annotation.ProfileValueUtils - Retrieved @ProfileValueSourceConfiguration [null] for test class [de.prokimedo.test.ProzedurTest]
13:31:27.963 [main] DEBUG o.s.t.annotation.ProfileValueUtils - Retrieved ProfileValueSource type [class org.springframework.test.annotation.SystemProfileValueSource] for class [de.prokimedo.test.ProzedurTest]
13:31:27.969 [main] DEBUG o.s.t.c.j.SpringJUnit4ClassRunner - SpringJUnit4ClassRunner constructor called with [class de.prokimedo.test.KrankheitTest]
13:31:27.969 [main] DEBUG o.s.test.context.BootstrapUtils - Instantiating CacheAwareContextLoaderDelegate from class [org.springframework.test.context.cache.DefaultCacheAwareContextLoaderDelegate]
13:31:27.969 [main] DEBUG o.s.test.context.BootstrapUtils - Instantiating BootstrapContext using constructor [public org.springframework.test.context.support.DefaultBootstrapContext(java.lang.Class,org.springframework.test.context.CacheAwareContextLoaderDelegate)]
13:31:27.970 [main] DEBUG o.s.test.context.BootstrapUtils - Instantiating TestContextBootstrapper for test class [de.prokimedo.test.KrankheitTest] from class [org.springframework.boot.test.WebAppIntegrationTestContextBootstrapper]
13:31:27.973 [main] DEBUG o.s.b.t.WebAppIntegrationTestContextBootstrapper - Found explicit ContextLoader class [org.springframework.boot.test.SpringApplicationContextLoader] for context configuration attributes [ContextConfigurationAttributes@71a794e5 declaringClass = 'de.prokimedo.test.KrankheitTest', classes = '{class de.prokimedo.Application}', locations = '{}', inheritLocations = true, initializers = '{}', inheritInitializers = true, name = [null], contextLoaderClass = 'org.springframework.boot.test.SpringApplicationContextLoader']
13:31:27.974 [main] DEBUG o.s.t.c.s.AbstractContextLoader - Did not detect default resource location for test class [de.prokimedo.test.KrankheitTest]: class path resource [de/prokimedo/test/KrankheitTest-context.xml] does not exist
13:31:27.975 [main] DEBUG o.s.t.c.s.AbstractContextLoader - Did not detect default resource location for test class [de.prokimedo.test.KrankheitTest]: class path resource [de/prokimedo/test/KrankheitTestContext.groovy] does not exist
13:31:27.975 [main] INFO  o.s.t.c.s.AbstractContextLoader - Could not detect default resource locations for test class [de.prokimedo.test.KrankheitTest]: no resource found for suffixes {-context.xml, Context.groovy}.
13:31:27.975 [main] DEBUG o.s.t.c.support.ActiveProfilesUtils - Could not find an 'annotation declaring class' for annotation type [org.springframework.test.context.ActiveProfiles] and class [de.prokimedo.test.KrankheitTest]
13:31:27.976 [main] DEBUG o.s.test.util.ReflectionTestUtils - Setting field 'propertySourceProperties' of type [null] on target object [[WebMergedContextConfiguration@76329302 testClass = KrankheitTest, locations = '{}', classes = '{class de.prokimedo.Application}', contextInitializerClasses = '[]', activeProfiles = '{}', propertySourceLocations = '{}', propertySourceProperties = '{}', resourceBasePath = '', contextLoader = 'org.springframework.boot.test.SpringApplicationContextLoader', parent = [null]]] or target class [class org.springframework.test.context.web.WebMergedContextConfiguration] to value [[Ljava.lang.String;@5e25a92e]
13:31:27.976 [main] DEBUG o.s.b.t.WebAppIntegrationTestContextBootstrapper - @TestExecutionListeners is not present for class [de.prokimedo.test.KrankheitTest]: using defaults.
13:31:27.979 [main] INFO  o.s.b.t.WebAppIntegrationTestContextBootstrapper - Loaded default TestExecutionListener class names from location [META-INF/spring.factories]: [org.springframework.test.context.web.ServletTestExecutionListener, org.springframework.test.context.support.DirtiesContextBeforeModesTestExecutionListener, org.springframework.test.context.support.DependencyInjectionTestExecutionListener, org.springframework.test.context.support.DirtiesContextTestExecutionListener, org.springframework.test.context.transaction.TransactionalTestExecutionListener, org.springframework.test.context.jdbc.SqlScriptsTestExecutionListener]
13:31:27.984 [main] INFO  o.s.b.t.WebAppIntegrationTestContextBootstrapper - Using TestExecutionListeners: [org.springframework.test.context.web.ServletTestExecutionListener@37574691, org.springframework.test.context.support.DirtiesContextBeforeModesTestExecutionListener@25359ed8, org.springframework.test.context.support.DependencyInjectionTestExecutionListener@21a947fe, org.springframework.test.context.support.DirtiesContextTestExecutionListener@5606c0b, org.springframework.test.context.transaction.TransactionalTestExecutionListener@80ec1f8, org.springframework.test.context.jdbc.SqlScriptsTestExecutionListener@1445d7f]
13:31:27.984 [main] DEBUG o.s.t.annotation.ProfileValueUtils - Retrieved @ProfileValueSourceConfiguration [null] for test class [de.prokimedo.test.KrankheitTest]
13:31:27.985 [main] DEBUG o.s.t.annotation.ProfileValueUtils - Retrieved ProfileValueSource type [class org.springframework.test.annotation.SystemProfileValueSource] for class [de.prokimedo.test.KrankheitTest]
13:31:27.987 [main] DEBUG o.s.t.annotation.ProfileValueUtils - Retrieved @ProfileValueSourceConfiguration [null] for test class [de.prokimedo.test.KrankheitTest]
13:31:27.987 [main] DEBUG o.s.t.annotation.ProfileValueUtils - Retrieved ProfileValueSource type [class org.springframework.test.annotation.SystemProfileValueSource] for class [de.prokimedo.test.KrankheitTest]
13:31:27.989 [main] DEBUG o.s.t.c.s.AbstractDirtiesContextTestExecutionListener - Before test class: context [DefaultTestContext@71248c21 testClass = KrankheitTest, testInstance = [null], testMethod = [null], testException = [null], mergedContextConfiguration = [WebMergedContextConfiguration@76329302 testClass = KrankheitTest, locations = '{}', classes = '{class de.prokimedo.Application}', contextInitializerClasses = '[]', activeProfiles = '{}', propertySourceLocations = '{}', propertySourceProperties = '{server.port=0, management.port=0, org.springframework.boot.test.IntegrationTest=true}', resourceBasePath = '', contextLoader = 'org.springframework.boot.test.SpringApplicationContextLoader', parent = [null]]], class annotated with @DirtiesContext [false] with mode [null].
13:31:27.990 [main] DEBUG o.s.t.annotation.ProfileValueUtils - Retrieved @ProfileValueSourceConfiguration [null] for test class [de.prokimedo.test.KrankheitTest]
13:31:27.990 [main] DEBUG o.s.t.annotation.ProfileValueUtils - Retrieved ProfileValueSource type [class org.springframework.test.annotation.SystemProfileValueSource] for class [de.prokimedo.test.KrankheitTest]
13:31:28.613 [main] DEBUG o.s.t.c.s.DependencyInjectionTestExecutionListener - Performing dependency injection for test context [[DefaultTestContext@71248c21 testClass = KrankheitTest, testInstance = de.prokimedo.test.KrankheitTest@156b88f5, testMethod = [null], testException = [null], mergedContextConfiguration = [WebMergedContextConfiguration@76329302 testClass = KrankheitTest, locations = '{}', classes = '{class de.prokimedo.Application}', contextInitializerClasses = '[]', activeProfiles = '{}', propertySourceLocations = '{}', propertySourceProperties = '{server.port=0, management.port=0, org.springframework.boot.test.IntegrationTest=true}', resourceBasePath = '', contextLoader = 'org.springframework.boot.test.SpringApplicationContextLoader', parent = [null]]]].
13:31:28.692 [main] DEBUG o.s.core.env.StandardEnvironment - Adding [systemProperties] PropertySource with lowest search precedence
13:31:28.694 [main] DEBUG o.s.core.env.StandardEnvironment - Adding [systemEnvironment] PropertySource with lowest search precedence
13:31:28.694 [main] DEBUG o.s.core.env.StandardEnvironment - Initialized StandardEnvironment with PropertySources [systemProperties,systemEnvironment]
13:31:28.695 [main] DEBUG o.s.core.env.StandardEnvironment - Adding [integrationTest] PropertySource with search precedence immediately lower than [systemEnvironment]

  .   ____          _            __ _ _
 /\\ / ___'_ __ _ _(_)_ __  __ _ \ \ \ \
( ( )\___ | '_ | '_| | '_ \/ _` | \ \ \ \
 \\/  ___)| |_)| | | | | || (_| |  ) ) ) )
  '  |____| .__|_| |_|_| |_\__, | / / / /
 =========|_|==============|___/=/_/_/_/
 :: Spring Boot ::        (v1.3.2.RELEASE)

2016-11-29 13:31:29.135  INFO 7113 --- [           main] de.prokimedo.test.KrankheitTest          : Starting KrankheitTest on idril with PID 7113 (/mnt/fastdata/code/workspace/ProKimedO-Standards/target/test-classes started by seifert in /mnt/fastdata/code/workspace/ProKimedO-Standards)
2016-11-29 13:31:29.136  INFO 7113 --- [           main] de.prokimedo.test.KrankheitTest          : No active profile set, falling back to default profiles: default
2016-11-29 13:31:29.196  INFO 7113 --- [           main] ationConfigEmbeddedWebApplicationContext : Refreshing org.springframework.boot.context.embedded.AnnotationConfigEmbeddedWebApplicationContext@55cf0d14: startup date [Tue Nov 29 13:31:29 CET 2016]; root of context hierarchy
2016-11-29 13:31:30.166  INFO 7113 --- [           main] o.s.b.f.s.DefaultListableBeanFactory     : Overriding bean definition for bean 'beanNameViewResolver' with a different definition: replacing [Root bean: class [null]; scope=; abstract=false; lazyInit=false; autowireMode=3; dependencyCheck=0; autowireCandidate=true; primary=false; factoryBeanName=org.springframework.boot.autoconfigure.web.ErrorMvcAutoConfiguration$WhitelabelErrorViewConfiguration; factoryMethodName=beanNameViewResolver; initMethodName=null; destroyMethodName=(inferred); defined in class path resource [org/springframework/boot/autoconfigure/web/ErrorMvcAutoConfiguration$WhitelabelErrorViewConfiguration.class]] with [Root bean: class [null]; scope=; abstract=false; lazyInit=false; autowireMode=3; dependencyCheck=0; autowireCandidate=true; primary=false; factoryBeanName=org.springframework.boot.autoconfigure.web.WebMvcAutoConfiguration$WebMvcAutoConfigurationAdapter; factoryMethodName=beanNameViewResolver; initMethodName=null; destroyMethodName=(inferred); defined in class path resource [org/springframework/boot/autoconfigure/web/WebMvcAutoConfiguration$WebMvcAutoConfigurationAdapter.class]]
2016-11-29 13:31:30.554  INFO 7113 --- [           main] f.a.AutowiredAnnotationBeanPostProcessor : JSR-330 'javax.inject.Inject' annotation found and supported for autowiring
2016-11-29 13:31:30.651  INFO 7113 --- [           main] trationDelegate$BeanPostProcessorChecker : Bean 'org.springframework.transaction.annotation.ProxyTransactionManagementConfiguration' of type [class org.springframework.transaction.annotation.ProxyTransactionManagementConfiguration$$EnhancerBySpringCGLIB$$2b43c62a] is not eligible for getting processed by all BeanPostProcessors (for example: not eligible for auto-proxying)
2016-11-29 13:31:31.100  INFO 7113 --- [           main] s.b.c.e.t.TomcatEmbeddedServletContainer : Tomcat initialized with port(s): 0 (http)
2016-11-29 13:31:31.114  INFO 7113 --- [           main] o.apache.catalina.core.StandardService   : Starting service Tomcat
2016-11-29 13:31:31.116  INFO 7113 --- [           main] org.apache.catalina.core.StandardEngine  : Starting Servlet Engine: Apache Tomcat/8.0.30
2016-11-29 13:31:31.206  INFO 7113 --- [ost-startStop-1] o.a.c.c.C.[.[.[/standards/api]           : Initializing Spring embedded WebApplicationContext
2016-11-29 13:31:31.206  INFO 7113 --- [ost-startStop-1] o.s.web.context.ContextLoader            : Root WebApplicationContext: initialization completed in 2014 ms
2016-11-29 13:31:31.444  INFO 7113 --- [ost-startStop-1] o.s.b.c.e.ServletRegistrationBean        : Mapping servlet: 'dispatcherServlet' to [/]
2016-11-29 13:31:31.445  INFO 7113 --- [ost-startStop-1] o.s.b.c.e.ServletRegistrationBean        : Mapping servlet: 'webServlet' to [/h2-console/*]
2016-11-29 13:31:31.447  INFO 7113 --- [ost-startStop-1] o.s.b.c.embedded.FilterRegistrationBean  : Mapping filter: 'characterEncodingFilter' to: [/*]
2016-11-29 13:31:31.448  INFO 7113 --- [ost-startStop-1] o.s.b.c.embedded.FilterRegistrationBean  : Mapping filter: 'hiddenHttpMethodFilter' to: [/*]
2016-11-29 13:31:31.448  INFO 7113 --- [ost-startStop-1] o.s.b.c.embedded.FilterRegistrationBean  : Mapping filter: 'httpPutFormContentFilter' to: [/*]
2016-11-29 13:31:31.448  INFO 7113 --- [ost-startStop-1] o.s.b.c.embedded.FilterRegistrationBean  : Mapping filter: 'requestContextFilter' to: [/*]
2016-11-29 13:31:31.718  INFO 7113 --- [           main] j.LocalContainerEntityManagerFactoryBean : Building JPA container EntityManagerFactory for persistence unit 'default'
2016-11-29 13:31:31.733  INFO 7113 --- [           main] o.hibernate.jpa.internal.util.LogHelper  : HHH000204: Processing PersistenceUnitInfo [
	name: default
	...]
2016-11-29 13:31:31.813  INFO 7113 --- [           main] org.hibernate.Version                    : HHH000412: Hibernate Core {4.3.11.Final}
2016-11-29 13:31:31.815  INFO 7113 --- [           main] org.hibernate.cfg.Environment            : HHH000206: hibernate.properties not found
2016-11-29 13:31:31.817  INFO 7113 --- [           main] org.hibernate.cfg.Environment            : HHH000021: Bytecode provider name : javassist
2016-11-29 13:31:32.048  INFO 7113 --- [           main] o.hibernate.annotations.common.Version   : HCANN000001: Hibernate Commons Annotations {4.0.5.Final}
2016-11-29 13:31:32.141 ERROR 7113 --- [           main] o.a.tomcat.jdbc.pool.ConnectionPool      : Unable to create initial connections of pool.

org.h2.jdbc.JdbcSQLException: Datenbank wird wahrscheinlich bereits benutzt: null. Mögliche Lösungen: alle Verbindungen schliessen; Server Modus verwenden
Database may be already in use: null. Possible solutions: close all other connection(s); use the server mode [90020-190]
	at org.h2.message.DbException.getJdbcSQLException(DbException.java:345) ~[h2-1.4.190.jar:1.4.190]
	at org.h2.message.DbException.get(DbException.java:168) ~[h2-1.4.190.jar:1.4.190]
	at org.h2.mvstore.db.MVTableEngine$Store.convertIllegalStateException(MVTableEngine.java:187) ~[h2-1.4.190.jar:1.4.190]
	at org.h2.mvstore.db.MVTableEngine$Store.open(MVTableEngine.java:167) ~[h2-1.4.190.jar:1.4.190]
	at org.h2.mvstore.db.MVTableEngine.init(MVTableEngine.java:99) ~[h2-1.4.190.jar:1.4.190]
	at org.h2.engine.Database.getPageStore(Database.java:2450) ~[h2-1.4.190.jar:1.4.190]
	at org.h2.engine.Database.open(Database.java:672) ~[h2-1.4.190.jar:1.4.190]
	at org.h2.engine.Database.openDatabase(Database.java:269) ~[h2-1.4.190.jar:1.4.190]
	at org.h2.engine.Database.<init>(Database.java:263) ~[h2-1.4.190.jar:1.4.190]
	at org.h2.engine.Engine.openSession(Engine.java:65) ~[h2-1.4.190.jar:1.4.190]
	at org.h2.engine.Engine.openSession(Engine.java:175) ~[h2-1.4.190.jar:1.4.190]
	at org.h2.engine.Engine.createSessionAndValidate(Engine.java:153) ~[h2-1.4.190.jar:1.4.190]
	at org.h2.engine.Engine.createSession(Engine.java:136) ~[h2-1.4.190.jar:1.4.190]
	at org.h2.engine.Engine.createSession(Engine.java:28) ~[h2-1.4.190.jar:1.4.190]
	at org.h2.engine.SessionRemote.connectEmbeddedOrServer(SessionRemote.java:349) ~[h2-1.4.190.jar:1.4.190]
	at org.h2.jdbc.JdbcConnection.<init>(JdbcConnection.java:107) ~[h2-1.4.190.jar:1.4.190]
	at org.h2.jdbc.JdbcConnection.<init>(JdbcConnection.java:91) ~[h2-1.4.190.jar:1.4.190]
	at org.h2.Driver.connect(Driver.java:72) ~[h2-1.4.190.jar:1.4.190]
	at org.apache.tomcat.jdbc.pool.PooledConnection.connectUsingDriver(PooledConnection.java:307) ~[tomcat-jdbc-8.0.30.jar:na]
	at org.apache.tomcat.jdbc.pool.PooledConnection.connect(PooledConnection.java:200) ~[tomcat-jdbc-8.0.30.jar:na]
	at org.apache.tomcat.jdbc.pool.ConnectionPool.createConnection(ConnectionPool.java:708) [tomcat-jdbc-8.0.30.jar:na]
	at org.apache.tomcat.jdbc.pool.ConnectionPool.borrowConnection(ConnectionPool.java:642) [tomcat-jdbc-8.0.30.jar:na]
	at org.apache.tomcat.jdbc.pool.ConnectionPool.init(ConnectionPool.java:464) [tomcat-jdbc-8.0.30.jar:na]
	at org.apache.tomcat.jdbc.pool.ConnectionPool.<init>(ConnectionPool.java:141) [tomcat-jdbc-8.0.30.jar:na]
	at org.apache.tomcat.jdbc.pool.DataSourceProxy.pCreatePool(DataSourceProxy.java:115) [tomcat-jdbc-8.0.30.jar:na]
	at org.apache.tomcat.jdbc.pool.DataSourceProxy.createPool(DataSourceProxy.java:102) [tomcat-jdbc-8.0.30.jar:na]
	at org.apache.tomcat.jdbc.pool.DataSourceProxy.getConnection(DataSourceProxy.java:126) [tomcat-jdbc-8.0.30.jar:na]
	at org.hibernate.engine.jdbc.connections.internal.DatasourceConnectionProviderImpl.getConnection(DatasourceConnectionProviderImpl.java:139) [hibernate-core-4.3.11.Final.jar:4.3.11.Final]
	at org.hibernate.engine.jdbc.internal.JdbcServicesImpl$ConnectionProviderJdbcConnectionAccess.obtainConnection(JdbcServicesImpl.java:279) [hibernate-core-4.3.11.Final.jar:4.3.11.Final]
	at org.hibernate.engine.jdbc.internal.JdbcServicesImpl.configure(JdbcServicesImpl.java:124) [hibernate-core-4.3.11.Final.jar:4.3.11.Final]
	at org.hibernate.boot.registry.internal.StandardServiceRegistryImpl.configureService(StandardServiceRegistryImpl.java:111) [hibernate-core-4.3.11.Final.jar:4.3.11.Final]
	at org.hibernate.service.internal.AbstractServiceRegistryImpl.initializeService(AbstractServiceRegistryImpl.java:234) [hibernate-core-4.3.11.Final.jar:4.3.11.Final]
	at org.hibernate.service.internal.AbstractServiceRegistryImpl.getService(AbstractServiceRegistryImpl.java:206) [hibernate-core-4.3.11.Final.jar:4.3.11.Final]
	at org.hibernate.cfg.Configuration.buildTypeRegistrations(Configuration.java:1887) [hibernate-core-4.3.11.Final.jar:4.3.11.Final]
	at org.hibernate.cfg.Configuration.buildSessionFactory(Configuration.java:1845) [hibernate-core-4.3.11.Final.jar:4.3.11.Final]
	at org.hibernate.jpa.boot.internal.EntityManagerFactoryBuilderImpl$4.perform(EntityManagerFactoryBuilderImpl.java:857) [hibernate-entitymanager-4.3.11.Final.jar:4.3.11.Final]
	at org.hibernate.jpa.boot.internal.EntityManagerFactoryBuilderImpl$4.perform(EntityManagerFactoryBuilderImpl.java:850) [hibernate-entitymanager-4.3.11.Final.jar:4.3.11.Final]
	at org.hibernate.boot.registry.classloading.internal.ClassLoaderServiceImpl.withTccl(ClassLoaderServiceImpl.java:425) [hibernate-core-4.3.11.Final.jar:4.3.11.Final]
	at org.hibernate.jpa.boot.internal.EntityManagerFactoryBuilderImpl.build(EntityManagerFactoryBuilderImpl.java:849) [hibernate-entitymanager-4.3.11.Final.jar:4.3.11.Final]
	at org.springframework.orm.jpa.vendor.SpringHibernateJpaPersistenceProvider.createContainerEntityManagerFactory(SpringHibernateJpaPersistenceProvider.java:60) [spring-orm-4.2.4.RELEASE.jar:4.2.4.RELEASE]
	at org.springframework.orm.jpa.LocalContainerEntityManagerFactoryBean.createNativeEntityManagerFactory(LocalContainerEntityManagerFactoryBean.java:343) [spring-orm-4.2.4.RELEASE.jar:4.2.4.RELEASE]
	at org.springframework.orm.jpa.AbstractEntityManagerFactoryBean.afterPropertiesSet(AbstractEntityManagerFactoryBean.java:318) [spring-orm-4.2.4.RELEASE.jar:4.2.4.RELEASE]
	at org.springframework.beans.factory.support.AbstractAutowireCapableBeanFactory.invokeInitMethods(AbstractAutowireCapableBeanFactory.java:1637) [spring-beans-4.2.4.RELEASE.jar:4.2.4.RELEASE]
	at org.springframework.beans.factory.support.AbstractAutowireCapableBeanFactory.initializeBean(AbstractAutowireCapableBeanFactory.java:1574) [spring-beans-4.2.4.RELEASE.jar:4.2.4.RELEASE]
	at org.springframework.beans.factory.support.AbstractAutowireCapableBeanFactory.doCreateBean(AbstractAutowireCapableBeanFactory.java:545) [spring-beans-4.2.4.RELEASE.jar:4.2.4.RELEASE]
	at org.springframework.beans.factory.support.AbstractAutowireCapableBeanFactory.createBean(AbstractAutowireCapableBeanFactory.java:482) [spring-beans-4.2.4.RELEASE.jar:4.2.4.RELEASE]
	at org.springframework.beans.factory.support.AbstractBeanFactory$1.getObject(AbstractBeanFactory.java:306) [spring-beans-4.2.4.RELEASE.jar:4.2.4.RELEASE]
	at org.springframework.beans.factory.support.DefaultSingletonBeanRegistry.getSingleton(DefaultSingletonBeanRegistry.java:230) [spring-beans-4.2.4.RELEASE.jar:4.2.4.RELEASE]
	at org.springframework.beans.factory.support.AbstractBeanFactory.doGetBean(AbstractBeanFactory.java:302) [spring-beans-4.2.4.RELEASE.jar:4.2.4.RELEASE]
	at org.springframework.beans.factory.support.AbstractBeanFactory.getBean(AbstractBeanFactory.java:197) [spring-beans-4.2.4.RELEASE.jar:4.2.4.RELEASE]
	at org.springframework.context.support.AbstractApplicationContext.getBean(AbstractApplicationContext.java:1054) [spring-context-4.2.4.RELEASE.jar:4.2.4.RELEASE]
	at org.springframework.context.support.AbstractApplicationContext.finishBeanFactoryInitialization(AbstractApplicationContext.java:829) [spring-context-4.2.4.RELEASE.jar:4.2.4.RELEASE]
	at org.springframework.context.support.AbstractApplicationContext.refresh(AbstractApplicationContext.java:538) [spring-context-4.2.4.RELEASE.jar:4.2.4.RELEASE]
	at org.springframework.boot.context.embedded.EmbeddedWebApplicationContext.refresh(EmbeddedWebApplicationContext.java:118) [spring-boot-1.3.2.RELEASE.jar:1.3.2.RELEASE]
	at org.springframework.boot.SpringApplication.refresh(SpringApplication.java:766) [spring-boot-1.3.2.RELEASE.jar:1.3.2.RELEASE]
	at org.springframework.boot.SpringApplication.createAndRefreshContext(SpringApplication.java:361) [spring-boot-1.3.2.RELEASE.jar:1.3.2.RELEASE]
	at org.springframework.boot.SpringApplication.run(SpringApplication.java:307) [spring-boot-1.3.2.RELEASE.jar:1.3.2.RELEASE]
	at org.springframework.boot.test.SpringApplicationContextLoader.loadContext(SpringApplicationContextLoader.java:98) [spring-boot-1.3.2.RELEASE.jar:1.3.2.RELEASE]
	at org.springframework.test.context.cache.DefaultCacheAwareContextLoaderDelegate.loadContextInternal(DefaultCacheAwareContextLoaderDelegate.java:98) [spring-test-4.2.4.RELEASE.jar:4.2.4.RELEASE]
	at org.springframework.test.context.cache.DefaultCacheAwareContextLoaderDelegate.loadContext(DefaultCacheAwareContextLoaderDelegate.java:116) [spring-test-4.2.4.RELEASE.jar:4.2.4.RELEASE]
	at org.springframework.test.context.support.DefaultTestContext.getApplicationContext(DefaultTestContext.java:83) [spring-test-4.2.4.RELEASE.jar:4.2.4.RELEASE]
	at org.springframework.test.context.support.DependencyInjectionTestExecutionListener.injectDependencies(DependencyInjectionTestExecutionListener.java:117) [spring-test-4.2.4.RELEASE.jar:4.2.4.RELEASE]
	at org.springframework.test.context.support.DependencyInjectionTestExecutionListener.prepareTestInstance(DependencyInjectionTestExecutionListener.java:83) [spring-test-4.2.4.RELEASE.jar:4.2.4.RELEASE]
	at org.springframework.test.context.TestContextManager.prepareTestInstance(TestContextManager.java:228) [spring-test-4.2.4.RELEASE.jar:4.2.4.RELEASE]
	at org.springframework.test.context.junit4.SpringJUnit4ClassRunner.createTest(SpringJUnit4ClassRunner.java:230) [spring-test-4.2.4.RELEASE.jar:4.2.4.RELEASE]
	at org.springframework.test.context.junit4.SpringJUnit4ClassRunner$1.runReflectiveCall(SpringJUnit4ClassRunner.java:289) [spring-test-4.2.4.RELEASE.jar:4.2.4.RELEASE]
	at org.junit.internal.runners.model.ReflectiveCallable.run(ReflectiveCallable.java:12) [junit-4.12.jar:4.12]
	at org.springframework.test.context.junit4.SpringJUnit4ClassRunner.methodBlock(SpringJUnit4ClassRunner.java:291) [spring-test-4.2.4.RELEASE.jar:4.2.4.RELEASE]
	at org.springframework.test.context.junit4.SpringJUnit4ClassRunner.runChild(SpringJUnit4ClassRunner.java:249) [spring-test-4.2.4.RELEASE.jar:4.2.4.RELEASE]
	at org.springframework.test.context.junit4.SpringJUnit4ClassRunner.runChild(SpringJUnit4ClassRunner.java:89) [spring-test-4.2.4.RELEASE.jar:4.2.4.RELEASE]
	at org.junit.runners.ParentRunner$3.run(ParentRunner.java:290) [junit-4.12.jar:4.12]
	at org.junit.runners.ParentRunner$1.schedule(ParentRunner.java:71) [junit-4.12.jar:4.12]
	at org.junit.runners.ParentRunner.runChildren(ParentRunner.java:288) [junit-4.12.jar:4.12]
	at org.junit.runners.ParentRunner.access$000(ParentRunner.java:58) [junit-4.12.jar:4.12]
	at org.junit.runners.ParentRunner$2.evaluate(ParentRunner.java:268) [junit-4.12.jar:4.12]
	at org.springframework.test.context.junit4.statements.RunBeforeTestClassCallbacks.evaluate(RunBeforeTestClassCallbacks.java:61) [spring-test-4.2.4.RELEASE.jar:4.2.4.RELEASE]
	at org.springframework.test.context.junit4.statements.RunAfterTestClassCallbacks.evaluate(RunAfterTestClassCallbacks.java:70) [spring-test-4.2.4.RELEASE.jar:4.2.4.RELEASE]
	at org.junit.runners.ParentRunner.run(ParentRunner.java:363) [junit-4.12.jar:4.12]
	at org.springframework.test.context.junit4.SpringJUnit4ClassRunner.run(SpringJUnit4ClassRunner.java:193) [spring-test-4.2.4.RELEASE.jar:4.2.4.RELEASE]
	at org.apache.maven.surefire.junit4.JUnit4Provider.execute(JUnit4Provider.java:283) [surefire-junit4-2.18.1.jar:2.18.1]
	at org.apache.maven.surefire.junit4.JUnit4Provider.executeWithRerun(JUnit4Provider.java:173) [surefire-junit4-2.18.1.jar:2.18.1]
	at org.apache.maven.surefire.junit4.JUnit4Provider.executeTestSet(JUnit4Provider.java:153) [surefire-junit4-2.18.1.jar:2.18.1]
	at org.apache.maven.surefire.junit4.JUnit4Provider.invoke(JUnit4Provider.java:128) [surefire-junit4-2.18.1.jar:2.18.1]
	at org.apache.maven.surefire.booter.ForkedBooter.invokeProviderInSameClassLoader(ForkedBooter.java:203) [surefire-booter-2.18.1.jar:2.18.1]
	at org.apache.maven.surefire.booter.ForkedBooter.runSuitesInProcess(ForkedBooter.java:155) [surefire-booter-2.18.1.jar:2.18.1]
	at org.apache.maven.surefire.booter.ForkedBooter.main(ForkedBooter.java:103) [surefire-booter-2.18.1.jar:2.18.1]
Caused by: java.lang.IllegalStateException: The file is locked: nio:/mnt/fastdata/code/workspace/ProKimedO-Standards/db/testdb.mv.db [1.4.190/7]
	at org.h2.mvstore.DataUtils.newIllegalStateException(DataUtils.java:773) ~[h2-1.4.190.jar:1.4.190]
	at org.h2.mvstore.FileStore.open(FileStore.java:172) ~[h2-1.4.190.jar:1.4.190]
	at org.h2.mvstore.MVStore.<init>(MVStore.java:342) ~[h2-1.4.190.jar:1.4.190]
	at org.h2.mvstore.MVStore$Builder.open(MVStore.java:2888) ~[h2-1.4.190.jar:1.4.190]
	at org.h2.mvstore.db.MVTableEngine$Store.open(MVTableEngine.java:154) ~[h2-1.4.190.jar:1.4.190]
	... 82 common frames omitted

2016-11-29 13:31:32.145  WARN 7113 --- [           main] o.h.e.jdbc.internal.JdbcServicesImpl     : HHH000342: Could not obtain connection to query metadata : Datenbank wird wahrscheinlich bereits benutzt: null. Mögliche Lösungen: alle Verbindungen schliessen; Server Modus verwenden
Database may be already in use: null. Possible solutions: close all other connection(s); use the server mode [90020-190]
2016-11-29 13:31:32.152  INFO 7113 --- [           main] org.hibernate.dialect.Dialect            : HHH000400: Using dialect: org.hibernate.dialect.H2Dialect
2016-11-29 13:31:32.160  INFO 7113 --- [           main] o.h.e.jdbc.internal.LobCreatorBuilder    : HHH000422: Disabling contextual LOB creation as connection was null
2016-11-29 13:31:32.288  INFO 7113 --- [           main] o.h.h.i.ast.ASTQueryTranslatorFactory    : HHH000397: Using ASTQueryTranslatorFactory
2016-11-29 13:31:32.438  INFO 7113 --- [           main] org.hibernate.search.engine.Version      : HSEARCH000034: Hibernate Search 5.3.0.Final
2016-11-29 13:31:32.609  INFO 7113 --- [           main] org.hibernate.tool.hbm2ddl.SchemaUpdate  : HHH000228: Running hbm2ddl schema update
2016-11-29 13:31:32.609  INFO 7113 --- [           main] org.hibernate.tool.hbm2ddl.SchemaUpdate  : HHH000102: Fetching database metadata
2016-11-29 13:31:32.614 ERROR 7113 --- [           main] o.a.tomcat.jdbc.pool.ConnectionPool      : Unable to create initial connections of pool.

org.h2.jdbc.JdbcSQLException: Datenbank wird wahrscheinlich bereits benutzt: null. Mögliche Lösungen: alle Verbindungen schliessen; Server Modus verwenden
Database may be already in use: null. Possible solutions: close all other connection(s); use the server mode [90020-190]
	at org.h2.message.DbException.getJdbcSQLException(DbException.java:345) ~[h2-1.4.190.jar:1.4.190]
	at org.h2.message.DbException.get(DbException.java:168) ~[h2-1.4.190.jar:1.4.190]
	at org.h2.mvstore.db.MVTableEngine$Store.convertIllegalStateException(MVTableEngine.java:187) ~[h2-1.4.190.jar:1.4.190]
	at org.h2.mvstore.db.MVTableEngine$Store.open(MVTableEngine.java:167) ~[h2-1.4.190.jar:1.4.190]
	at org.h2.mvstore.db.MVTableEngine.init(MVTableEngine.java:99) ~[h2-1.4.190.jar:1.4.190]
	at org.h2.engine.Database.getPageStore(Database.java:2450) ~[h2-1.4.190.jar:1.4.190]
	at org.h2.engine.Database.open(Database.java:672) ~[h2-1.4.190.jar:1.4.190]
	at org.h2.engine.Database.openDatabase(Database.java:269) ~[h2-1.4.190.jar:1.4.190]
	at org.h2.engine.Database.<init>(Database.java:263) ~[h2-1.4.190.jar:1.4.190]
	at org.h2.engine.Engine.openSession(Engine.java:65) ~[h2-1.4.190.jar:1.4.190]
	at org.h2.engine.Engine.openSession(Engine.java:175) ~[h2-1.4.190.jar:1.4.190]
	at org.h2.engine.Engine.createSessionAndValidate(Engine.java:153) ~[h2-1.4.190.jar:1.4.190]
	at org.h2.engine.Engine.createSession(Engine.java:136) ~[h2-1.4.190.jar:1.4.190]
	at org.h2.engine.Engine.createSession(Engine.java:28) ~[h2-1.4.190.jar:1.4.190]
	at org.h2.engine.SessionRemote.connectEmbeddedOrServer(SessionRemote.java:349) ~[h2-1.4.190.jar:1.4.190]
	at org.h2.jdbc.JdbcConnection.<init>(JdbcConnection.java:107) ~[h2-1.4.190.jar:1.4.190]
	at org.h2.jdbc.JdbcConnection.<init>(JdbcConnection.java:91) ~[h2-1.4.190.jar:1.4.190]
	at org.h2.Driver.connect(Driver.java:72) ~[h2-1.4.190.jar:1.4.190]
	at org.apache.tomcat.jdbc.pool.PooledConnection.connectUsingDriver(PooledConnection.java:307) ~[tomcat-jdbc-8.0.30.jar:na]
	at org.apache.tomcat.jdbc.pool.PooledConnection.connect(PooledConnection.java:200) ~[tomcat-jdbc-8.0.30.jar:na]
	at org.apache.tomcat.jdbc.pool.ConnectionPool.createConnection(ConnectionPool.java:708) [tomcat-jdbc-8.0.30.jar:na]
	at org.apache.tomcat.jdbc.pool.ConnectionPool.borrowConnection(ConnectionPool.java:642) [tomcat-jdbc-8.0.30.jar:na]
	at org.apache.tomcat.jdbc.pool.ConnectionPool.init(ConnectionPool.java:464) [tomcat-jdbc-8.0.30.jar:na]
	at org.apache.tomcat.jdbc.pool.ConnectionPool.<init>(ConnectionPool.java:141) [tomcat-jdbc-8.0.30.jar:na]
	at org.apache.tomcat.jdbc.pool.DataSourceProxy.pCreatePool(DataSourceProxy.java:115) [tomcat-jdbc-8.0.30.jar:na]
	at org.apache.tomcat.jdbc.pool.DataSourceProxy.createPool(DataSourceProxy.java:102) [tomcat-jdbc-8.0.30.jar:na]
	at org.apache.tomcat.jdbc.pool.DataSourceProxy.getConnection(DataSourceProxy.java:126) [tomcat-jdbc-8.0.30.jar:na]
	at org.hibernate.engine.jdbc.connections.internal.DatasourceConnectionProviderImpl.getConnection(DatasourceConnectionProviderImpl.java:139) [hibernate-core-4.3.11.Final.jar:4.3.11.Final]
	at org.hibernate.tool.hbm2ddl.SuppliedConnectionProviderConnectionHelper.prepare(SuppliedConnectionProviderConnectionHelper.java:51) [hibernate-core-4.3.11.Final.jar:4.3.11.Final]
	at org.hibernate.tool.hbm2ddl.SchemaUpdate.execute(SchemaUpdate.java:219) [hibernate-core-4.3.11.Final.jar:4.3.11.Final]
	at org.hibernate.tool.hbm2ddl.SchemaUpdate.execute(SchemaUpdate.java:203) [hibernate-core-4.3.11.Final.jar:4.3.11.Final]
	at org.hibernate.internal.SessionFactoryImpl.<init>(SessionFactoryImpl.java:522) [hibernate-core-4.3.11.Final.jar:4.3.11.Final]
	at org.hibernate.cfg.Configuration.buildSessionFactory(Configuration.java:1859) [hibernate-core-4.3.11.Final.jar:4.3.11.Final]
	at org.hibernate.jpa.boot.internal.EntityManagerFactoryBuilderImpl$4.perform(EntityManagerFactoryBuilderImpl.java:857) [hibernate-entitymanager-4.3.11.Final.jar:4.3.11.Final]
	at org.hibernate.jpa.boot.internal.EntityManagerFactoryBuilderImpl$4.perform(EntityManagerFactoryBuilderImpl.java:850) [hibernate-entitymanager-4.3.11.Final.jar:4.3.11.Final]
	at org.hibernate.boot.registry.classloading.internal.ClassLoaderServiceImpl.withTccl(ClassLoaderServiceImpl.java:425) [hibernate-core-4.3.11.Final.jar:4.3.11.Final]
	at org.hibernate.jpa.boot.internal.EntityManagerFactoryBuilderImpl.build(EntityManagerFactoryBuilderImpl.java:849) [hibernate-entitymanager-4.3.11.Final.jar:4.3.11.Final]
	at org.springframework.orm.jpa.vendor.SpringHibernateJpaPersistenceProvider.createContainerEntityManagerFactory(SpringHibernateJpaPersistenceProvider.java:60) [spring-orm-4.2.4.RELEASE.jar:4.2.4.RELEASE]
	at org.springframework.orm.jpa.LocalContainerEntityManagerFactoryBean.createNativeEntityManagerFactory(LocalContainerEntityManagerFactoryBean.java:343) [spring-orm-4.2.4.RELEASE.jar:4.2.4.RELEASE]
	at org.springframework.orm.jpa.AbstractEntityManagerFactoryBean.afterPropertiesSet(AbstractEntityManagerFactoryBean.java:318) [spring-orm-4.2.4.RELEASE.jar:4.2.4.RELEASE]
	at org.springframework.beans.factory.support.AbstractAutowireCapableBeanFactory.invokeInitMethods(AbstractAutowireCapableBeanFactory.java:1637) [spring-beans-4.2.4.RELEASE.jar:4.2.4.RELEASE]
	at org.springframework.beans.factory.support.AbstractAutowireCapableBeanFactory.initializeBean(AbstractAutowireCapableBeanFactory.java:1574) [spring-beans-4.2.4.RELEASE.jar:4.2.4.RELEASE]
	at org.springframework.beans.factory.support.AbstractAutowireCapableBeanFactory.doCreateBean(AbstractAutowireCapableBeanFactory.java:545) [spring-beans-4.2.4.RELEASE.jar:4.2.4.RELEASE]
	at org.springframework.beans.factory.support.AbstractAutowireCapableBeanFactory.createBean(AbstractAutowireCapableBeanFactory.java:482) [spring-beans-4.2.4.RELEASE.jar:4.2.4.RELEASE]
	at org.springframework.beans.factory.support.AbstractBeanFactory$1.getObject(AbstractBeanFactory.java:306) [spring-beans-4.2.4.RELEASE.jar:4.2.4.RELEASE]
	at org.springframework.beans.factory.support.DefaultSingletonBeanRegistry.getSingleton(DefaultSingletonBeanRegistry.java:230) [spring-beans-4.2.4.RELEASE.jar:4.2.4.RELEASE]
	at org.springframework.beans.factory.support.AbstractBeanFactory.doGetBean(AbstractBeanFactory.java:302) [spring-beans-4.2.4.RELEASE.jar:4.2.4.RELEASE]
	at org.springframework.beans.factory.support.AbstractBeanFactory.getBean(AbstractBeanFactory.java:197) [spring-beans-4.2.4.RELEASE.jar:4.2.4.RELEASE]
	at org.springframework.context.support.AbstractApplicationContext.getBean(AbstractApplicationContext.java:1054) [spring-context-4.2.4.RELEASE.jar:4.2.4.RELEASE]
	at org.springframework.context.support.AbstractApplicationContext.finishBeanFactoryInitialization(AbstractApplicationContext.java:829) [spring-context-4.2.4.RELEASE.jar:4.2.4.RELEASE]
	at org.springframework.context.support.AbstractApplicationContext.refresh(AbstractApplicationContext.java:538) [spring-context-4.2.4.RELEASE.jar:4.2.4.RELEASE]
	at org.springframework.boot.context.embedded.EmbeddedWebApplicationContext.refresh(EmbeddedWebApplicationContext.java:118) [spring-boot-1.3.2.RELEASE.jar:1.3.2.RELEASE]
	at org.springframework.boot.SpringApplication.refresh(SpringApplication.java:766) [spring-boot-1.3.2.RELEASE.jar:1.3.2.RELEASE]
	at org.springframework.boot.SpringApplication.createAndRefreshContext(SpringApplication.java:361) [spring-boot-1.3.2.RELEASE.jar:1.3.2.RELEASE]
	at org.springframework.boot.SpringApplication.run(SpringApplication.java:307) [spring-boot-1.3.2.RELEASE.jar:1.3.2.RELEASE]
	at org.springframework.boot.test.SpringApplicationContextLoader.loadContext(SpringApplicationContextLoader.java:98) [spring-boot-1.3.2.RELEASE.jar:1.3.2.RELEASE]
	at org.springframework.test.context.cache.DefaultCacheAwareContextLoaderDelegate.loadContextInternal(DefaultCacheAwareContextLoaderDelegate.java:98) [spring-test-4.2.4.RELEASE.jar:4.2.4.RELEASE]
	at org.springframework.test.context.cache.DefaultCacheAwareContextLoaderDelegate.loadContext(DefaultCacheAwareContextLoaderDelegate.java:116) [spring-test-4.2.4.RELEASE.jar:4.2.4.RELEASE]
	at org.springframework.test.context.support.DefaultTestContext.getApplicationContext(DefaultTestContext.java:83) [spring-test-4.2.4.RELEASE.jar:4.2.4.RELEASE]
	at org.springframework.test.context.support.DependencyInjectionTestExecutionListener.injectDependencies(DependencyInjectionTestExecutionListener.java:117) [spring-test-4.2.4.RELEASE.jar:4.2.4.RELEASE]
	at org.springframework.test.context.support.DependencyInjectionTestExecutionListener.prepareTestInstance(DependencyInjectionTestExecutionListener.java:83) [spring-test-4.2.4.RELEASE.jar:4.2.4.RELEASE]
	at org.springframework.test.context.TestContextManager.prepareTestInstance(TestContextManager.java:228) [spring-test-4.2.4.RELEASE.jar:4.2.4.RELEASE]
	at org.springframework.test.context.junit4.SpringJUnit4ClassRunner.createTest(SpringJUnit4ClassRunner.java:230) [spring-test-4.2.4.RELEASE.jar:4.2.4.RELEASE]
	at org.springframework.test.context.junit4.SpringJUnit4ClassRunner$1.runReflectiveCall(SpringJUnit4ClassRunner.java:289) [spring-test-4.2.4.RELEASE.jar:4.2.4.RELEASE]
	at org.junit.internal.runners.model.ReflectiveCallable.run(ReflectiveCallable.java:12) [junit-4.12.jar:4.12]
	at org.springframework.test.context.junit4.SpringJUnit4ClassRunner.methodBlock(SpringJUnit4ClassRunner.java:291) [spring-test-4.2.4.RELEASE.jar:4.2.4.RELEASE]
	at org.springframework.test.context.junit4.SpringJUnit4ClassRunner.runChild(SpringJUnit4ClassRunner.java:249) [spring-test-4.2.4.RELEASE.jar:4.2.4.RELEASE]
	at org.springframework.test.context.junit4.SpringJUnit4ClassRunner.runChild(SpringJUnit4ClassRunner.java:89) [spring-test-4.2.4.RELEASE.jar:4.2.4.RELEASE]
	at org.junit.runners.ParentRunner$3.run(ParentRunner.java:290) [junit-4.12.jar:4.12]
	at org.junit.runners.ParentRunner$1.schedule(ParentRunner.java:71) [junit-4.12.jar:4.12]
	at org.junit.runners.ParentRunner.runChildren(ParentRunner.java:288) [junit-4.12.jar:4.12]
	at org.junit.runners.ParentRunner.access$000(ParentRunner.java:58) [junit-4.12.jar:4.12]
	at org.junit.runners.ParentRunner$2.evaluate(ParentRunner.java:268) [junit-4.12.jar:4.12]
	at org.springframework.test.context.junit4.statements.RunBeforeTestClassCallbacks.evaluate(RunBeforeTestClassCallbacks.java:61) [spring-test-4.2.4.RELEASE.jar:4.2.4.RELEASE]
	at org.springframework.test.context.junit4.statements.RunAfterTestClassCallbacks.evaluate(RunAfterTestClassCallbacks.java:70) [spring-test-4.2.4.RELEASE.jar:4.2.4.RELEASE]
	at org.junit.runners.ParentRunner.run(ParentRunner.java:363) [junit-4.12.jar:4.12]
	at org.springframework.test.context.junit4.SpringJUnit4ClassRunner.run(SpringJUnit4ClassRunner.java:193) [spring-test-4.2.4.RELEASE.jar:4.2.4.RELEASE]
	at org.apache.maven.surefire.junit4.JUnit4Provider.execute(JUnit4Provider.java:283) [surefire-junit4-2.18.1.jar:2.18.1]
	at org.apache.maven.surefire.junit4.JUnit4Provider.executeWithRerun(JUnit4Provider.java:173) [surefire-junit4-2.18.1.jar:2.18.1]
	at org.apache.maven.surefire.junit4.JUnit4Provider.executeTestSet(JUnit4Provider.java:153) [surefire-junit4-2.18.1.jar:2.18.1]
	at org.apache.maven.surefire.junit4.JUnit4Provider.invoke(JUnit4Provider.java:128) [surefire-junit4-2.18.1.jar:2.18.1]
	at org.apache.maven.surefire.booter.ForkedBooter.invokeProviderInSameClassLoader(ForkedBooter.java:203) [surefire-booter-2.18.1.jar:2.18.1]
	at org.apache.maven.surefire.booter.ForkedBooter.runSuitesInProcess(ForkedBooter.java:155) [surefire-booter-2.18.1.jar:2.18.1]
	at org.apache.maven.surefire.booter.ForkedBooter.main(ForkedBooter.java:103) [surefire-booter-2.18.1.jar:2.18.1]
Caused by: java.lang.IllegalStateException: The file is locked: nio:/mnt/fastdata/code/workspace/ProKimedO-Standards/db/testdb.mv.db [1.4.190/7]
	at org.h2.mvstore.DataUtils.newIllegalStateException(DataUtils.java:773) ~[h2-1.4.190.jar:1.4.190]
	at org.h2.mvstore.FileStore.open(FileStore.java:172) ~[h2-1.4.190.jar:1.4.190]
	at org.h2.mvstore.MVStore.<init>(MVStore.java:342) ~[h2-1.4.190.jar:1.4.190]
	at org.h2.mvstore.MVStore$Builder.open(MVStore.java:2888) ~[h2-1.4.190.jar:1.4.190]
	at org.h2.mvstore.db.MVTableEngine$Store.open(MVTableEngine.java:154) ~[h2-1.4.190.jar:1.4.190]
	... 80 common frames omitted

2016-11-29 13:31:32.616 ERROR 7113 --- [           main] org.hibernate.tool.hbm2ddl.SchemaUpdate  : HHH000319: Could not get database metadata

org.h2.jdbc.JdbcSQLException: Datenbank wird wahrscheinlich bereits benutzt: null. Mögliche Lösungen: alle Verbindungen schliessen; Server Modus verwenden
Database may be already in use: null. Possible solutions: close all other connection(s); use the server mode [90020-190]
	at org.h2.message.DbException.getJdbcSQLException(DbException.java:345) ~[h2-1.4.190.jar:1.4.190]
	at org.h2.message.DbException.get(DbException.java:168) ~[h2-1.4.190.jar:1.4.190]
	at org.h2.mvstore.db.MVTableEngine$Store.convertIllegalStateException(MVTableEngine.java:187) ~[h2-1.4.190.jar:1.4.190]
	at org.h2.mvstore.db.MVTableEngine$Store.open(MVTableEngine.java:167) ~[h2-1.4.190.jar:1.4.190]
	at org.h2.mvstore.db.MVTableEngine.init(MVTableEngine.java:99) ~[h2-1.4.190.jar:1.4.190]
	at org.h2.engine.Database.getPageStore(Database.java:2450) ~[h2-1.4.190.jar:1.4.190]
	at org.h2.engine.Database.open(Database.java:672) ~[h2-1.4.190.jar:1.4.190]
	at org.h2.engine.Database.openDatabase(Database.java:269) ~[h2-1.4.190.jar:1.4.190]
	at org.h2.engine.Database.<init>(Database.java:263) ~[h2-1.4.190.jar:1.4.190]
	at org.h2.engine.Engine.openSession(Engine.java:65) ~[h2-1.4.190.jar:1.4.190]
	at org.h2.engine.Engine.openSession(Engine.java:175) ~[h2-1.4.190.jar:1.4.190]
	at org.h2.engine.Engine.createSessionAndValidate(Engine.java:153) ~[h2-1.4.190.jar:1.4.190]
	at org.h2.engine.Engine.createSession(Engine.java:136) ~[h2-1.4.190.jar:1.4.190]
	at org.h2.engine.Engine.createSession(Engine.java:28) ~[h2-1.4.190.jar:1.4.190]
	at org.h2.engine.SessionRemote.connectEmbeddedOrServer(SessionRemote.java:349) ~[h2-1.4.190.jar:1.4.190]
	at org.h2.jdbc.JdbcConnection.<init>(JdbcConnection.java:107) ~[h2-1.4.190.jar:1.4.190]
	at org.h2.jdbc.JdbcConnection.<init>(JdbcConnection.java:91) ~[h2-1.4.190.jar:1.4.190]
	at org.h2.Driver.connect(Driver.java:72) ~[h2-1.4.190.jar:1.4.190]
	at org.apache.tomcat.jdbc.pool.PooledConnection.connectUsingDriver(PooledConnection.java:307) ~[tomcat-jdbc-8.0.30.jar:na]
	at org.apache.tomcat.jdbc.pool.PooledConnection.connect(PooledConnection.java:200) ~[tomcat-jdbc-8.0.30.jar:na]
	at org.apache.tomcat.jdbc.pool.ConnectionPool.createConnection(ConnectionPool.java:708) ~[tomcat-jdbc-8.0.30.jar:na]
	at org.apache.tomcat.jdbc.pool.ConnectionPool.borrowConnection(ConnectionPool.java:642) ~[tomcat-jdbc-8.0.30.jar:na]
	at org.apache.tomcat.jdbc.pool.ConnectionPool.init(ConnectionPool.java:464) ~[tomcat-jdbc-8.0.30.jar:na]
	at org.apache.tomcat.jdbc.pool.ConnectionPool.<init>(ConnectionPool.java:141) ~[tomcat-jdbc-8.0.30.jar:na]
	at org.apache.tomcat.jdbc.pool.DataSourceProxy.pCreatePool(DataSourceProxy.java:115) ~[tomcat-jdbc-8.0.30.jar:na]
	at org.apache.tomcat.jdbc.pool.DataSourceProxy.createPool(DataSourceProxy.java:102) ~[tomcat-jdbc-8.0.30.jar:na]
	at org.apache.tomcat.jdbc.pool.DataSourceProxy.getConnection(DataSourceProxy.java:126) ~[tomcat-jdbc-8.0.30.jar:na]
	at org.hibernate.engine.jdbc.connections.internal.DatasourceConnectionProviderImpl.getConnection(DatasourceConnectionProviderImpl.java:139) ~[hibernate-core-4.3.11.Final.jar:4.3.11.Final]
	at org.hibernate.tool.hbm2ddl.SuppliedConnectionProviderConnectionHelper.prepare(SuppliedConnectionProviderConnectionHelper.java:51) ~[hibernate-core-4.3.11.Final.jar:4.3.11.Final]
	at org.hibernate.tool.hbm2ddl.SchemaUpdate.execute(SchemaUpdate.java:219) ~[hibernate-core-4.3.11.Final.jar:4.3.11.Final]
	at org.hibernate.tool.hbm2ddl.SchemaUpdate.execute(SchemaUpdate.java:203) ~[hibernate-core-4.3.11.Final.jar:4.3.11.Final]
	at org.hibernate.internal.SessionFactoryImpl.<init>(SessionFactoryImpl.java:522) ~[hibernate-core-4.3.11.Final.jar:4.3.11.Final]
	at org.hibernate.cfg.Configuration.buildSessionFactory(Configuration.java:1859) ~[hibernate-core-4.3.11.Final.jar:4.3.11.Final]
	at org.hibernate.jpa.boot.internal.EntityManagerFactoryBuilderImpl$4.perform(EntityManagerFactoryBuilderImpl.java:857) [hibernate-entitymanager-4.3.11.Final.jar:4.3.11.Final]
	at org.hibernate.jpa.boot.internal.EntityManagerFactoryBuilderImpl$4.perform(EntityManagerFactoryBuilderImpl.java:850) [hibernate-entitymanager-4.3.11.Final.jar:4.3.11.Final]
	at org.hibernate.boot.registry.classloading.internal.ClassLoaderServiceImpl.withTccl(ClassLoaderServiceImpl.java:425) [hibernate-core-4.3.11.Final.jar:4.3.11.Final]
	at org.hibernate.jpa.boot.internal.EntityManagerFactoryBuilderImpl.build(EntityManagerFactoryBuilderImpl.java:849) [hibernate-entitymanager-4.3.11.Final.jar:4.3.11.Final]
	at org.springframework.orm.jpa.vendor.SpringHibernateJpaPersistenceProvider.createContainerEntityManagerFactory(SpringHibernateJpaPersistenceProvider.java:60) [spring-orm-4.2.4.RELEASE.jar:4.2.4.RELEASE]
	at org.springframework.orm.jpa.LocalContainerEntityManagerFactoryBean.createNativeEntityManagerFactory(LocalContainerEntityManagerFactoryBean.java:343) [spring-orm-4.2.4.RELEASE.jar:4.2.4.RELEASE]
	at org.springframework.orm.jpa.AbstractEntityManagerFactoryBean.afterPropertiesSet(AbstractEntityManagerFactoryBean.java:318) [spring-orm-4.2.4.RELEASE.jar:4.2.4.RELEASE]
	at org.springframework.beans.factory.support.AbstractAutowireCapableBeanFactory.invokeInitMethods(AbstractAutowireCapableBeanFactory.java:1637) [spring-beans-4.2.4.RELEASE.jar:4.2.4.RELEASE]
	at org.springframework.beans.factory.support.AbstractAutowireCapableBeanFactory.initializeBean(AbstractAutowireCapableBeanFactory.java:1574) [spring-beans-4.2.4.RELEASE.jar:4.2.4.RELEASE]
	at org.springframework.beans.factory.support.AbstractAutowireCapableBeanFactory.doCreateBean(AbstractAutowireCapableBeanFactory.java:545) [spring-beans-4.2.4.RELEASE.jar:4.2.4.RELEASE]
	at org.springframework.beans.factory.support.AbstractAutowireCapableBeanFactory.createBean(AbstractAutowireCapableBeanFactory.java:482) [spring-beans-4.2.4.RELEASE.jar:4.2.4.RELEASE]
	at org.springframework.beans.factory.support.AbstractBeanFactory$1.getObject(AbstractBeanFactory.java:306) [spring-beans-4.2.4.RELEASE.jar:4.2.4.RELEASE]
	at org.springframework.beans.factory.support.DefaultSingletonBeanRegistry.getSingleton(DefaultSingletonBeanRegistry.java:230) [spring-beans-4.2.4.RELEASE.jar:4.2.4.RELEASE]
	at org.springframework.beans.factory.support.AbstractBeanFactory.doGetBean(AbstractBeanFactory.java:302) [spring-beans-4.2.4.RELEASE.jar:4.2.4.RELEASE]
	at org.springframework.beans.factory.support.AbstractBeanFactory.getBean(AbstractBeanFactory.java:197) [spring-beans-4.2.4.RELEASE.jar:4.2.4.RELEASE]
	at org.springframework.context.support.AbstractApplicationContext.getBean(AbstractApplicationContext.java:1054) [spring-context-4.2.4.RELEASE.jar:4.2.4.RELEASE]
	at org.springframework.context.support.AbstractApplicationContext.finishBeanFactoryInitialization(AbstractApplicationContext.java:829) [spring-context-4.2.4.RELEASE.jar:4.2.4.RELEASE]
	at org.springframework.context.support.AbstractApplicationContext.refresh(AbstractApplicationContext.java:538) [spring-context-4.2.4.RELEASE.jar:4.2.4.RELEASE]
	at org.springframework.boot.context.embedded.EmbeddedWebApplicationContext.refresh(EmbeddedWebApplicationContext.java:118) [spring-boot-1.3.2.RELEASE.jar:1.3.2.RELEASE]
	at org.springframework.boot.SpringApplication.refresh(SpringApplication.java:766) [spring-boot-1.3.2.RELEASE.jar:1.3.2.RELEASE]
	at org.springframework.boot.SpringApplication.createAndRefreshContext(SpringApplication.java:361) [spring-boot-1.3.2.RELEASE.jar:1.3.2.RELEASE]
	at org.springframework.boot.SpringApplication.run(SpringApplication.java:307) [spring-boot-1.3.2.RELEASE.jar:1.3.2.RELEASE]
	at org.springframework.boot.test.SpringApplicationContextLoader.loadContext(SpringApplicationContextLoader.java:98) [spring-boot-1.3.2.RELEASE.jar:1.3.2.RELEASE]
	at org.springframework.test.context.cache.DefaultCacheAwareContextLoaderDelegate.loadContextInternal(DefaultCacheAwareContextLoaderDelegate.java:98) [spring-test-4.2.4.RELEASE.jar:4.2.4.RELEASE]
	at org.springframework.test.context.cache.DefaultCacheAwareContextLoaderDelegate.loadContext(DefaultCacheAwareContextLoaderDelegate.java:116) [spring-test-4.2.4.RELEASE.jar:4.2.4.RELEASE]
	at org.springframework.test.context.support.DefaultTestContext.getApplicationContext(DefaultTestContext.java:83) [spring-test-4.2.4.RELEASE.jar:4.2.4.RELEASE]
	at org.springframework.test.context.support.DependencyInjectionTestExecutionListener.injectDependencies(DependencyInjectionTestExecutionListener.java:117) [spring-test-4.2.4.RELEASE.jar:4.2.4.RELEASE]
	at org.springframework.test.context.support.DependencyInjectionTestExecutionListener.prepareTestInstance(DependencyInjectionTestExecutionListener.java:83) [spring-test-4.2.4.RELEASE.jar:4.2.4.RELEASE]
	at org.springframework.test.context.TestContextManager.prepareTestInstance(TestContextManager.java:228) [spring-test-4.2.4.RELEASE.jar:4.2.4.RELEASE]
	at org.springframework.test.context.junit4.SpringJUnit4ClassRunner.createTest(SpringJUnit4ClassRunner.java:230) [spring-test-4.2.4.RELEASE.jar:4.2.4.RELEASE]
	at org.springframework.test.context.junit4.SpringJUnit4ClassRunner$1.runReflectiveCall(SpringJUnit4ClassRunner.java:289) [spring-test-4.2.4.RELEASE.jar:4.2.4.RELEASE]
	at org.junit.internal.runners.model.ReflectiveCallable.run(ReflectiveCallable.java:12) [junit-4.12.jar:4.12]
	at org.springframework.test.context.junit4.SpringJUnit4ClassRunner.methodBlock(SpringJUnit4ClassRunner.java:291) [spring-test-4.2.4.RELEASE.jar:4.2.4.RELEASE]
	at org.springframework.test.context.junit4.SpringJUnit4ClassRunner.runChild(SpringJUnit4ClassRunner.java:249) [spring-test-4.2.4.RELEASE.jar:4.2.4.RELEASE]
	at org.springframework.test.context.junit4.SpringJUnit4ClassRunner.runChild(SpringJUnit4ClassRunner.java:89) [spring-test-4.2.4.RELEASE.jar:4.2.4.RELEASE]
	at org.junit.runners.ParentRunner$3.run(ParentRunner.java:290) [junit-4.12.jar:4.12]
	at org.junit.runners.ParentRunner$1.schedule(ParentRunner.java:71) [junit-4.12.jar:4.12]
	at org.junit.runners.ParentRunner.runChildren(ParentRunner.java:288) [junit-4.12.jar:4.12]
	at org.junit.runners.ParentRunner.access$000(ParentRunner.java:58) [junit-4.12.jar:4.12]
	at org.junit.runners.ParentRunner$2.evaluate(ParentRunner.java:268) [junit-4.12.jar:4.12]
	at org.springframework.test.context.junit4.statements.RunBeforeTestClassCallbacks.evaluate(RunBeforeTestClassCallbacks.java:61) [spring-test-4.2.4.RELEASE.jar:4.2.4.RELEASE]
	at org.springframework.test.context.junit4.statements.RunAfterTestClassCallbacks.evaluate(RunAfterTestClassCallbacks.java:70) [spring-test-4.2.4.RELEASE.jar:4.2.4.RELEASE]
	at org.junit.runners.ParentRunner.run(ParentRunner.java:363) [junit-4.12.jar:4.12]
	at org.springframework.test.context.junit4.SpringJUnit4ClassRunner.run(SpringJUnit4ClassRunner.java:193) [spring-test-4.2.4.RELEASE.jar:4.2.4.RELEASE]
	at org.apache.maven.surefire.junit4.JUnit4Provider.execute(JUnit4Provider.java:283) [surefire-junit4-2.18.1.jar:2.18.1]
	at org.apache.maven.surefire.junit4.JUnit4Provider.executeWithRerun(JUnit4Provider.java:173) [surefire-junit4-2.18.1.jar:2.18.1]
	at org.apache.maven.surefire.junit4.JUnit4Provider.executeTestSet(JUnit4Provider.java:153) [surefire-junit4-2.18.1.jar:2.18.1]
	at org.apache.maven.surefire.junit4.JUnit4Provider.invoke(JUnit4Provider.java:128) [surefire-junit4-2.18.1.jar:2.18.1]
	at org.apache.maven.surefire.booter.ForkedBooter.invokeProviderInSameClassLoader(ForkedBooter.java:203) [surefire-booter-2.18.1.jar:2.18.1]
	at org.apache.maven.surefire.booter.ForkedBooter.runSuitesInProcess(ForkedBooter.java:155) [surefire-booter-2.18.1.jar:2.18.1]
	at org.apache.maven.surefire.booter.ForkedBooter.main(ForkedBooter.java:103) [surefire-booter-2.18.1.jar:2.18.1]
Caused by: java.lang.IllegalStateException: The file is locked: nio:/mnt/fastdata/code/workspace/ProKimedO-Standards/db/testdb.mv.db [1.4.190/7]
	at org.h2.mvstore.DataUtils.newIllegalStateException(DataUtils.java:773) ~[h2-1.4.190.jar:1.4.190]
	at org.h2.mvstore.FileStore.open(FileStore.java:172) ~[h2-1.4.190.jar:1.4.190]
	at org.h2.mvstore.MVStore.<init>(MVStore.java:342) ~[h2-1.4.190.jar:1.4.190]
	at org.h2.mvstore.MVStore$Builder.open(MVStore.java:2888) ~[h2-1.4.190.jar:1.4.190]
	at org.h2.mvstore.db.MVTableEngine$Store.open(MVTableEngine.java:154) ~[h2-1.4.190.jar:1.4.190]
	... 80 common frames omitted

2016-11-29 13:31:32.618 ERROR 7113 --- [           main] org.hibernate.tool.hbm2ddl.SchemaUpdate  : HHH000299: Could not complete schema update

org.h2.jdbc.JdbcSQLException: Datenbank wird wahrscheinlich bereits benutzt: null. Mögliche Lösungen: alle Verbindungen schliessen; Server Modus verwenden
Database may be already in use: null. Possible solutions: close all other connection(s); use the server mode [90020-190]
	at org.h2.message.DbException.getJdbcSQLException(DbException.java:345) ~[h2-1.4.190.jar:1.4.190]
	at org.h2.message.DbException.get(DbException.java:168) ~[h2-1.4.190.jar:1.4.190]
	at org.h2.mvstore.db.MVTableEngine$Store.convertIllegalStateException(MVTableEngine.java:187) ~[h2-1.4.190.jar:1.4.190]
	at org.h2.mvstore.db.MVTableEngine$Store.open(MVTableEngine.java:167) ~[h2-1.4.190.jar:1.4.190]
	at org.h2.mvstore.db.MVTableEngine.init(MVTableEngine.java:99) ~[h2-1.4.190.jar:1.4.190]
	at org.h2.engine.Database.getPageStore(Database.java:2450) ~[h2-1.4.190.jar:1.4.190]
	at org.h2.engine.Database.open(Database.java:672) ~[h2-1.4.190.jar:1.4.190]
	at org.h2.engine.Database.openDatabase(Database.java:269) ~[h2-1.4.190.jar:1.4.190]
	at org.h2.engine.Database.<init>(Database.java:263) ~[h2-1.4.190.jar:1.4.190]
	at org.h2.engine.Engine.openSession(Engine.java:65) ~[h2-1.4.190.jar:1.4.190]
	at org.h2.engine.Engine.openSession(Engine.java:175) ~[h2-1.4.190.jar:1.4.190]
	at org.h2.engine.Engine.createSessionAndValidate(Engine.java:153) ~[h2-1.4.190.jar:1.4.190]
	at org.h2.engine.Engine.createSession(Engine.java:136) ~[h2-1.4.190.jar:1.4.190]
	at org.h2.engine.Engine.createSession(Engine.java:28) ~[h2-1.4.190.jar:1.4.190]
	at org.h2.engine.SessionRemote.connectEmbeddedOrServer(SessionRemote.java:349) ~[h2-1.4.190.jar:1.4.190]
	at org.h2.jdbc.JdbcConnection.<init>(JdbcConnection.java:107) ~[h2-1.4.190.jar:1.4.190]
	at org.h2.jdbc.JdbcConnection.<init>(JdbcConnection.java:91) ~[h2-1.4.190.jar:1.4.190]
	at org.h2.Driver.connect(Driver.java:72) ~[h2-1.4.190.jar:1.4.190]
	at org.apache.tomcat.jdbc.pool.PooledConnection.connectUsingDriver(PooledConnection.java:307) ~[tomcat-jdbc-8.0.30.jar:na]
	at org.apache.tomcat.jdbc.pool.PooledConnection.connect(PooledConnection.java:200) ~[tomcat-jdbc-8.0.30.jar:na]
	at org.apache.tomcat.jdbc.pool.ConnectionPool.createConnection(ConnectionPool.java:708) ~[tomcat-jdbc-8.0.30.jar:na]
	at org.apache.tomcat.jdbc.pool.ConnectionPool.borrowConnection(ConnectionPool.java:642) ~[tomcat-jdbc-8.0.30.jar:na]
	at org.apache.tomcat.jdbc.pool.ConnectionPool.init(ConnectionPool.java:464) ~[tomcat-jdbc-8.0.30.jar:na]
	at org.apache.tomcat.jdbc.pool.ConnectionPool.<init>(ConnectionPool.java:141) ~[tomcat-jdbc-8.0.30.jar:na]
	at org.apache.tomcat.jdbc.pool.DataSourceProxy.pCreatePool(DataSourceProxy.java:115) ~[tomcat-jdbc-8.0.30.jar:na]
	at org.apache.tomcat.jdbc.pool.DataSourceProxy.createPool(DataSourceProxy.java:102) ~[tomcat-jdbc-8.0.30.jar:na]
	at org.apache.tomcat.jdbc.pool.DataSourceProxy.getConnection(DataSourceProxy.java:126) ~[tomcat-jdbc-8.0.30.jar:na]
	at org.hibernate.engine.jdbc.connections.internal.DatasourceConnectionProviderImpl.getConnection(DatasourceConnectionProviderImpl.java:139) ~[hibernate-core-4.3.11.Final.jar:4.3.11.Final]
	at org.hibernate.tool.hbm2ddl.SuppliedConnectionProviderConnectionHelper.prepare(SuppliedConnectionProviderConnectionHelper.java:51) ~[hibernate-core-4.3.11.Final.jar:4.3.11.Final]
	at org.hibernate.tool.hbm2ddl.SchemaUpdate.execute(SchemaUpdate.java:219) ~[hibernate-core-4.3.11.Final.jar:4.3.11.Final]
	at org.hibernate.tool.hbm2ddl.SchemaUpdate.execute(SchemaUpdate.java:203) ~[hibernate-core-4.3.11.Final.jar:4.3.11.Final]
	at org.hibernate.internal.SessionFactoryImpl.<init>(SessionFactoryImpl.java:522) ~[hibernate-core-4.3.11.Final.jar:4.3.11.Final]
[...]
	at org.junit.runners.ParentRunner.runLeaf(ParentRunner.java:325) [junit-4.12.jar:4.12]
	at org.springframework.test.context.junit4.SpringJUnit4ClassRunner.runChild(SpringJUnit4ClassRunner.java:254) [spring-test-4.2.4.RELEASE.jar:4.2.4.RELEASE]
	at org.springframework.test.context.junit4.SpringJUnit4ClassRunner.runChild(SpringJUnit4ClassRunner.java:89) [spring-test-4.2.4.RELEASE.jar:4.2.4.RELEASE]
	at org.junit.runners.ParentRunner$3.run(ParentRunner.java:290) [junit-4.12.jar:4.12]
	at org.junit.runners.ParentRunner$1.schedule(ParentRunner.java:71) [junit-4.12.jar:4.12]
	at org.junit.runners.ParentRunner.runChildren(ParentRunner.java:288) [junit-4.12.jar:4.12]
	at org.junit.runners.ParentRunner.access$000(ParentRunner.java:58) [junit-4.12.jar:4.12]
	at org.junit.runners.ParentRunner$2.evaluate(ParentRunner.java:268) [junit-4.12.jar:4.12]
	at org.springframework.test.context.junit4.statements.RunBeforeTestClassCallbacks.evaluate(RunBeforeTestClassCallbacks.java:61) [spring-test-4.2.4.RELEASE.jar:4.2.4.RELEASE]
	at org.springframework.test.context.junit4.statements.RunAfterTestClassCallbacks.evaluate(RunAfterTestClassCallbacks.java:70) [spring-test-4.2.4.RELEASE.jar:4.2.4.RELEASE]
	at org.junit.runners.ParentRunner.run(ParentRunner.java:363) [junit-4.12.jar:4.12]
	at org.springframework.test.context.junit4.SpringJUnit4ClassRunner.run(SpringJUnit4ClassRunner.java:193) [spring-test-4.2.4.RELEASE.jar:4.2.4.RELEASE]
	at org.apache.maven.surefire.junit4.JUnit4Provider.execute(JUnit4Provider.java:283) [surefire-junit4-2.18.1.jar:2.18.1]
	at org.apache.maven.surefire.junit4.JUnit4Provider.executeWithRerun(JUnit4Provider.java:173) [surefire-junit4-2.18.1.jar:2.18.1]
	at org.apache.maven.surefire.junit4.JUnit4Provider.executeTestSet(JUnit4Provider.java:153) [surefire-junit4-2.18.1.jar:2.18.1]
	at org.apache.maven.surefire.junit4.JUnit4Provider.invoke(JUnit4Provider.java:128) [surefire-junit4-2.18.1.jar:2.18.1]
	at org.apache.maven.surefire.booter.ForkedBooter.invokeProviderInSameClassLoader(ForkedBooter.java:203) [surefire-booter-2.18.1.jar:2.18.1]
	at org.apache.maven.surefire.booter.ForkedBooter.runSuitesInProcess(ForkedBooter.java:155) [surefire-booter-2.18.1.jar:2.18.1]
	at org.apache.maven.surefire.booter.ForkedBooter.main(ForkedBooter.java:103) [surefire-booter-2.18.1.jar:2.18.1]
Caused by: java.lang.IllegalStateException: The file is locked: nio:/mnt/fastdata/code/workspace/ProKimedO-Standards/db/testdb.mv.db [1.4.190/7]
	at org.h2.mvstore.DataUtils.newIllegalStateException(DataUtils.java:773) ~[h2-1.4.190.jar:1.4.190]
	at org.h2.mvstore.FileStore.open(FileStore.java:172) ~[h2-1.4.190.jar:1.4.190]
	at org.h2.mvstore.MVStore.<init>(MVStore.java:342) ~[h2-1.4.190.jar:1.4.190]
	at org.h2.mvstore.MVStore$Builder.open(MVStore.java:2888) ~[h2-1.4.190.jar:1.4.190]
	at org.h2.mvstore.db.MVTableEngine$Store.open(MVTableEngine.java:154) ~[h2-1.4.190.jar:1.4.190]
	... 78 common frames omitted

2016-11-29 13:31:33.959  WARN 7113 --- [           main] o.h.engine.jdbc.spi.SqlExceptionHelper   : SQL Error: 90020, SQLState: 90020
2016-11-29 13:31:33.959 ERROR 7113 --- [           main] o.h.engine.jdbc.spi.SqlExceptionHelper   : Datenbank wird wahrscheinlich bereits benutzt: null. Mögliche Lösungen: alle Verbindungen schliessen; Server Modus verwenden
Database may be already in use: null. Possible solutions: close all other connection(s); use the server mode [90020-190]
2016-11-29 13:31:33.962 ERROR 7113 --- [           main] o.a.tomcat.jdbc.pool.ConnectionPool      : Unable to create initial connections of pool.

org.h2.jdbc.JdbcSQLException: Datenbank wird wahrscheinlich bereits benutzt: null. Mögliche Lösungen: alle Verbindungen schliessen; Server Modus verwenden
Database may be already in use: null. Possible solutions: close all other connection(s); use the server mode [90020-190]
	at org.h2.message.DbException.getJdbcSQLException(DbException.java:345) ~[h2-1.4.190.jar:1.4.190]
	at org.h2.message.DbException.get(DbException.java:168) ~[h2-1.4.190.jar:1.4.190]
	at org.h2.mvstore.db.MVTableEngine$Store.convertIllegalStateException(MVTableEngine.java:187) ~[h2-1.4.190.jar:1.4.190]
	at org.h2.mvstore.db.MVTableEngine$Store.open(MVTableEngine.java:167) ~[h2-1.4.190.jar:1.4.190]
	at org.h2.mvstore.db.MVTableEngine.init(MVTableEngine.java:99) ~[h2-1.4.190.jar:1.4.190]
	at org.h2.engine.Database.getPageStore(Database.java:2450) ~[h2-1.4.190.jar:1.4.190]
	at org.h2.engine.Database.open(Database.java:672) ~[h2-1.4.190.jar:1.4.190]
	at org.h2.engine.Database.openDatabase(Database.java:269) ~[h2-1.4.190.jar:1.4.190]
	at org.h2.engine.Database.<init>(Database.java:263) ~[h2-1.4.190.jar:1.4.190]
	at org.h2.engine.Engine.openSession(Engine.java:65) ~[h2-1.4.190.jar:1.4.190]
	at org.h2.engine.Engine.openSession(Engine.java:175) ~[h2-1.4.190.jar:1.4.190]
	at org.h2.engine.Engine.createSessionAndValidate(Engine.java:153) ~[h2-1.4.190.jar:1.4.190]
	at org.h2.engine.Engine.createSession(Engine.java:136) ~[h2-1.4.190.jar:1.4.190]
	at org.h2.engine.Engine.createSession(Engine.java:28) ~[h2-1.4.190.jar:1.4.190]
	at org.h2.engine.SessionRemote.connectEmbeddedOrServer(SessionRemote.java:349) ~[h2-1.4.190.jar:1.4.190]
	at org.h2.jdbc.JdbcConnection.<init>(JdbcConnection.java:107) ~[h2-1.4.190.jar:1.4.190]
	at org.h2.jdbc.JdbcConnection.<init>(JdbcConnection.java:91) ~[h2-1.4.190.jar:1.4.190]
	at org.h2.Driver.connect(Driver.java:72) ~[h2-1.4.190.jar:1.4.190]
	at org.apache.tomcat.jdbc.pool.PooledConnection.connectUsingDriver(PooledConnection.java:307) ~[tomcat-jdbc-8.0.30.jar:na]
	at org.apache.tomcat.jdbc.pool.PooledConnection.connect(PooledConnection.java:200) ~[tomcat-jdbc-8.0.30.jar:na]
	at org.apache.tomcat.jdbc.pool.ConnectionPool.createConnection(ConnectionPool.java:708) [tomcat-jdbc-8.0.30.jar:na]
	at org.apache.tomcat.jdbc.pool.ConnectionPool.borrowConnection(ConnectionPool.java:642) [tomcat-jdbc-8.0.30.jar:na]
	at org.apache.tomcat.jdbc.pool.ConnectionPool.init(ConnectionPool.java:464) [tomcat-jdbc-8.0.30.jar:na]
	at org.apache.tomcat.jdbc.pool.ConnectionPool.<init>(ConnectionPool.java:141) [tomcat-jdbc-8.0.30.jar:na]
	at org.apache.tomcat.jdbc.pool.DataSourceProxy.pCreatePool(DataSourceProxy.java:115) [tomcat-jdbc-8.0.30.jar:na]
	at org.apache.tomcat.jdbc.pool.DataSourceProxy.createPool(DataSourceProxy.java:102) [tomcat-jdbc-8.0.30.jar:na]
	at org.apache.tomcat.jdbc.pool.DataSourceProxy.getConnection(DataSourceProxy.java:126) [tomcat-jdbc-8.0.30.jar:na]
	at org.hibernate.engine.jdbc.connections.internal.DatasourceConnectionProviderImpl.getConnection(DatasourceConnectionProviderImpl.java:139) [hibernate-core-4.3.11.Final.jar:4.3.11.Final]
	at org.hibernate.internal.AbstractSessionImpl$NonContextualJdbcConnectionAccess.obtainConnection(AbstractSessionImpl.java:380) [hibernate-core-4.3.11.Final.jar:4.3.11.Final]
	at org.hibernate.engine.jdbc.internal.LogicalConnectionImpl.obtainConnection(LogicalConnectionImpl.java:228) [hibernate-core-4.3.11.Final.jar:4.3.11.Final]
	at org.hibernate.engine.jdbc.internal.LogicalConnectionImpl.getConnection(LogicalConnectionImpl.java:171) [hibernate-core-4.3.11.Final.jar:4.3.11.Final]
	at org.hibernate.engine.transaction.internal.jdbc.JdbcTransaction.doBegin(JdbcTransaction.java:67) [hibernate-core-4.3.11.Final.jar:4.3.11.Final]
	at org.hibernate.engine.transaction.spi.AbstractTransactionImpl.begin(AbstractTransactionImpl.java:162) [hibernate-core-4.3.11.Final.jar:4.3.11.Final]
	at org.hibernate.internal.SessionImpl.beginTransaction(SessionImpl.java:1471) [hibernate-core-4.3.11.Final.jar:4.3.11.Final]
	at org.hibernate.jpa.internal.TransactionImpl.begin(TransactionImpl.java:61) [hibernate-entitymanager-4.3.11.Final.jar:4.3.11.Final]
	at org.springframework.orm.jpa.vendor.HibernateJpaDialect.beginTransaction(HibernateJpaDialect.java:170) [spring-orm-4.2.4.RELEASE.jar:4.2.4.RELEASE]
	at org.springframework.orm.jpa.JpaTransactionManager.doBegin(JpaTransactionManager.java:380) [spring-orm-4.2.4.RELEASE.jar:4.2.4.RELEASE]
	at org.springframework.transaction.support.AbstractPlatformTransactionManager.getTransaction(AbstractPlatformTransactionManager.java:373) [spring-tx-4.2.4.RELEASE.jar:4.2.4.RELEASE]
	at org.springframework.transaction.interceptor.TransactionAspectSupport.createTransactionIfNecessary(TransactionAspectSupport.java:427) [spring-tx-4.2.4.RELEASE.jar:4.2.4.RELEASE]
	at org.springframework.transaction.interceptor.TransactionAspectSupport.invokeWithinTransaction(TransactionAspectSupport.java:276) [spring-tx-4.2.4.RELEASE.jar:4.2.4.RELEASE]
	at org.springframework.transaction.interceptor.TransactionInterceptor.invoke(TransactionInterceptor.java:96) [spring-tx-4.2.4.RELEASE.jar:4.2.4.RELEASE]
	at org.springframework.aop.framework.ReflectiveMethodInvocation.proceed(ReflectiveMethodInvocation.java:179) [spring-aop-4.2.4.RELEASE.jar:4.2.4.RELEASE]
	at org.springframework.dao.support.PersistenceExceptionTranslationInterceptor.invoke(PersistenceExceptionTranslationInterceptor.java:136) [spring-tx-4.2.4.RELEASE.jar:4.2.4.RELEASE]
	at org.springframework.aop.framework.ReflectiveMethodInvocation.proceed(ReflectiveMethodInvocation.java:179) [spring-aop-4.2.4.RELEASE.jar:4.2.4.RELEASE]
	at org.springframework.data.jpa.repository.support.CrudMethodMetadataPostProcessor$CrudMethodMetadataPopulatingMethodInterceptor.invoke(CrudMethodMetadataPostProcessor.java:131) [spring-data-jpa-1.9.2.RELEASE.jar:na]
	at org.springframework.aop.framework.ReflectiveMethodInvocation.proceed(ReflectiveMethodInvocation.java:179) [spring-aop-4.2.4.RELEASE.jar:4.2.4.RELEASE]
	at org.springframework.aop.interceptor.ExposeInvocationInterceptor.invoke(ExposeInvocationInterceptor.java:92) [spring-aop-4.2.4.RELEASE.jar:4.2.4.RELEASE]
	at org.springframework.aop.framework.ReflectiveMethodInvocation.proceed(ReflectiveMethodInvocation.java:179) [spring-aop-4.2.4.RELEASE.jar:4.2.4.RELEASE]
	at org.springframework.aop.framework.JdkDynamicAopProxy.invoke(JdkDynamicAopProxy.java:208) [spring-aop-4.2.4.RELEASE.jar:4.2.4.RELEASE]
	at com.sun.proxy.$Proxy101.deleteAll(Unknown Source) [na:na]
	at de.prokimedo.test.KrankheitTest.TearDown(KrankheitTest.java:204) [test-classes/:na]
	at sun.reflect.NativeMethodAccessorImpl.invoke0(Native Method) ~[na:1.8.0_102]
	at sun.reflect.NativeMethodAccessorImpl.invoke(NativeMethodAccessorImpl.java:62) ~[na:1.8.0_102]
	at sun.reflect.DelegatingMethodAccessorImpl.invoke(DelegatingMethodAccessorImpl.java:43) ~[na:1.8.0_102]
	at java.lang.reflect.Method.invoke(Method.java:498) ~[na:1.8.0_102]
	at org.junit.runners.model.FrameworkMethod$1.runReflectiveCall(FrameworkMethod.java:50) [junit-4.12.jar:4.12]
	at org.junit.internal.runners.model.ReflectiveCallable.run(ReflectiveCallable.java:12) [junit-4.12.jar:4.12]
	at org.junit.runners.model.FrameworkMethod.invokeExplosively(FrameworkMethod.java:47) [junit-4.12.jar:4.12]
	at org.junit.internal.runners.statements.RunAfters.evaluate(RunAfters.java:33) [junit-4.12.jar:4.12]
	at org.springframework.test.context.junit4.statements.RunAfterTestMethodCallbacks.evaluate(RunAfterTestMethodCallbacks.java:86) [spring-test-4.2.4.RELEASE.jar:4.2.4.RELEASE]
	at org.springframework.test.context.junit4.statements.SpringRepeat.evaluate(SpringRepeat.java:84) [spring-test-4.2.4.RELEASE.jar:4.2.4.RELEASE]
	at org.junit.runners.ParentRunner.runLeaf(ParentRunner.java:325) [junit-4.12.jar:4.12]
	at org.springframework.test.context.junit4.SpringJUnit4ClassRunner.runChild(SpringJUnit4ClassRunner.java:254) [spring-test-4.2.4.RELEASE.jar:4.2.4.RELEASE]
	at org.springframework.test.context.junit4.SpringJUnit4ClassRunner.runChild(SpringJUnit4ClassRunner.java:89) [spring-test-4.2.4.RELEASE.jar:4.2.4.RELEASE]
	at org.junit.runners.ParentRunner$3.run(ParentRunner.java:290) [junit-4.12.jar:4.12]
	at org.junit.runners.ParentRunner$1.schedule(ParentRunner.java:71) [junit-4.12.jar:4.12]
	at org.junit.runners.ParentRunner.runChildren(ParentRunner.java:288) [junit-4.12.jar:4.12]
	at org.junit.runners.ParentRunner.access$000(ParentRunner.java:58) [junit-4.12.jar:4.12]
	at org.junit.runners.ParentRunner$2.evaluate(ParentRunner.java:268) [junit-4.12.jar:4.12]
	at org.springframework.test.context.junit4.statements.RunBeforeTestClassCallbacks.evaluate(RunBeforeTestClassCallbacks.java:61) [spring-test-4.2.4.RELEASE.jar:4.2.4.RELEASE]
	at org.springframework.test.context.junit4.statements.RunAfterTestClassCallbacks.evaluate(RunAfterTestClassCallbacks.java:70) [spring-test-4.2.4.RELEASE.jar:4.2.4.RELEASE]
	at org.junit.runners.ParentRunner.run(ParentRunner.java:363) [junit-4.12.jar:4.12]
	at org.springframework.test.context.junit4.SpringJUnit4ClassRunner.run(SpringJUnit4ClassRunner.java:193) [spring-test-4.2.4.RELEASE.jar:4.2.4.RELEASE]
	at org.apache.maven.surefire.junit4.JUnit4Provider.execute(JUnit4Provider.java:283) [surefire-junit4-2.18.1.jar:2.18.1]
	at org.apache.maven.surefire.junit4.JUnit4Provider.executeWithRerun(JUnit4Provider.java:173) [surefire-junit4-2.18.1.jar:2.18.1]
	at org.apache.maven.surefire.junit4.JUnit4Provider.executeTestSet(JUnit4Provider.java:153) [surefire-junit4-2.18.1.jar:2.18.1]
	at org.apache.maven.surefire.junit4.JUnit4Provider.invoke(JUnit4Provider.java:128) [surefire-junit4-2.18.1.jar:2.18.1]
	at org.apache.maven.surefire.booter.ForkedBooter.invokeProviderInSameClassLoader(ForkedBooter.java:203) [surefire-booter-2.18.1.jar:2.18.1]
	at org.apache.maven.surefire.booter.ForkedBooter.runSuitesInProcess(ForkedBooter.java:155) [surefire-booter-2.18.1.jar:2.18.1]
	at org.apache.maven.surefire.booter.ForkedBooter.main(ForkedBooter.java:103) [surefire-booter-2.18.1.jar:2.18.1]
Caused by: java.lang.IllegalStateException: The file is locked: nio:/mnt/fastdata/code/workspace/ProKimedO-Standards/db/testdb.mv.db [1.4.190/7]
	at org.h2.mvstore.DataUtils.newIllegalStateException(DataUtils.java:773) ~[h2-1.4.190.jar:1.4.190]
	at org.h2.mvstore.FileStore.open(FileStore.java:172) ~[h2-1.4.190.jar:1.4.190]
	at org.h2.mvstore.MVStore.<init>(MVStore.java:342) ~[h2-1.4.190.jar:1.4.190]
	at org.h2.mvstore.MVStore$Builder.open(MVStore.java:2888) ~[h2-1.4.190.jar:1.4.190]
	at org.h2.mvstore.db.MVTableEngine$Store.open(MVTableEngine.java:154) ~[h2-1.4.190.jar:1.4.190]
	... 76 common frames omitted

2016-11-29 13:31:33.967  WARN 7113 --- [           main] o.h.engine.jdbc.spi.SqlExceptionHelper   : SQL Error: 90020, SQLState: 90020
2016-11-29 13:31:33.968 ERROR 7113 --- [           main] o.h.engine.jdbc.spi.SqlExceptionHelper   : Datenbank wird wahrscheinlich bereits benutzt: null. Mögliche Lösungen: alle Verbindungen schliessen; Server Modus verwenden
Database may be already in use: null. Possible solutions: close all other connection(s); use the server mode [90020-190]
]]></system-out>
  </testcase>
  <testcase name="updateKrankheitTest" classname="de.prokimedo.test.KrankheitTest" time="0.016">
    <error message="Could not open JPA EntityManager for transaction; nested exception is javax.persistence.PersistenceException: org.hibernate.exception.GenericJDBCException: Could not open connection" type="org.springframework.transaction.CannotCreateTransactionException"><![CDATA[org.springframework.transaction.CannotCreateTransactionException: Could not open JPA EntityManager for transaction; nested exception is javax.persistence.PersistenceException: org.hibernate.exception.GenericJDBCException: Could not open connection
	at org.h2.mvstore.DataUtils.newIllegalStateException(DataUtils.java:773)
	at org.h2.mvstore.FileStore.open(FileStore.java:172)
	at org.h2.mvstore.MVStore.<init>(MVStore.java:342)
	at org.h2.mvstore.MVStore$Builder.open(MVStore.java:2888)
	at org.h2.mvstore.db.MVTableEngine$Store.open(MVTableEngine.java:154)
	at org.h2.mvstore.db.MVTableEngine.init(MVTableEngine.java:99)
	at org.h2.engine.Database.getPageStore(Database.java:2450)
	at org.h2.engine.Database.open(Database.java:672)
	at org.h2.engine.Database.openDatabase(Database.java:269)
	at org.h2.engine.Database.<init>(Database.java:263)
	at org.h2.engine.Engine.openSession(Engine.java:65)
	at org.h2.engine.Engine.openSession(Engine.java:175)
	at org.h2.engine.Engine.createSessionAndValidate(Engine.java:153)
	at org.h2.engine.Engine.createSession(Engine.java:136)
	at org.h2.engine.Engine.createSession(Engine.java:28)
	at org.h2.engine.SessionRemote.connectEmbeddedOrServer(SessionRemote.java:349)
	at org.h2.jdbc.JdbcConnection.<init>(JdbcConnection.java:107)
	at org.h2.jdbc.JdbcConnection.<init>(JdbcConnection.java:91)
	at org.h2.Driver.connect(Driver.java:72)
	at org.apache.tomcat.jdbc.pool.PooledConnection.connectUsingDriver(PooledConnection.java:307)
	at org.apache.tomcat.jdbc.pool.PooledConnection.connect(PooledConnection.java:200)
	at org.apache.tomcat.jdbc.pool.ConnectionPool.createConnection(ConnectionPool.java:708)
	at org.apache.tomcat.jdbc.pool.ConnectionPool.borrowConnection(ConnectionPool.java:642)
	at org.apache.tomcat.jdbc.pool.ConnectionPool.init(ConnectionPool.java:464)
	at org.apache.tomcat.jdbc.pool.ConnectionPool.<init>(ConnectionPool.java:141)
	at org.apache.tomcat.jdbc.pool.DataSourceProxy.pCreatePool(DataSourceProxy.java:115)
	at org.apache.tomcat.jdbc.pool.DataSourceProxy.createPool(DataSourceProxy.java:102)
	at org.apache.tomcat.jdbc.pool.DataSourceProxy.getConnection(DataSourceProxy.java:126)
	at org.hibernate.engine.jdbc.connections.internal.DatasourceConnectionProviderImpl.getConnection(DatasourceConnectionProviderImpl.java:139)
	at org.hibernate.internal.AbstractSessionImpl$NonContextualJdbcConnectionAccess.obtainConnection(AbstractSessionImpl.java:380)
	at org.hibernate.engine.jdbc.internal.LogicalConnectionImpl.obtainConnection(LogicalConnectionImpl.java:228)
	at org.hibernate.engine.jdbc.internal.LogicalConnectionImpl.getConnection(LogicalConnectionImpl.java:171)
	at org.hibernate.engine.transaction.internal.jdbc.JdbcTransaction.doBegin(JdbcTransaction.java:67)
	at org.hibernate.engine.transaction.spi.AbstractTransactionImpl.begin(AbstractTransactionImpl.java:162)
	at org.hibernate.internal.SessionImpl.beginTransaction(SessionImpl.java:1471)
	at org.hibernate.jpa.internal.TransactionImpl.begin(TransactionImpl.java:61)
	at org.springframework.orm.jpa.vendor.HibernateJpaDialect.beginTransaction(HibernateJpaDialect.java:170)
	at org.springframework.orm.jpa.JpaTransactionManager.doBegin(JpaTransactionManager.java:380)
	at org.springframework.transaction.support.AbstractPlatformTransactionManager.getTransaction(AbstractPlatformTransactionManager.java:373)
	at org.springframework.transaction.interceptor.TransactionAspectSupport.createTransactionIfNecessary(TransactionAspectSupport.java:427)
	at org.springframework.transaction.interceptor.TransactionAspectSupport.invokeWithinTransaction(TransactionAspectSupport.java:276)
	at org.springframework.transaction.interceptor.TransactionInterceptor.invoke(TransactionInterceptor.java:96)
	at org.springframework.aop.framework.ReflectiveMethodInvocation.proceed(ReflectiveMethodInvocation.java:179)
	at org.springframework.dao.support.PersistenceExceptionTranslationInterceptor.invoke(PersistenceExceptionTranslationInterceptor.java:136)
	at org.springframework.aop.framework.ReflectiveMethodInvocation.proceed(ReflectiveMethodInvocation.java:179)
	at org.springframework.data.jpa.repository.support.CrudMethodMetadataPostProcessor$CrudMethodMetadataPopulatingMethodInterceptor.invoke(CrudMethodMetadataPostProcessor.java:131)
	at org.springframework.aop.framework.ReflectiveMethodInvocation.proceed(ReflectiveMethodInvocation.java:179)
	at org.springframework.aop.interceptor.ExposeInvocationInterceptor.invoke(ExposeInvocationInterceptor.java:92)
	at org.springframework.aop.framework.ReflectiveMethodInvocation.proceed(ReflectiveMethodInvocation.java:179)
	at org.springframework.aop.framework.JdkDynamicAopProxy.invoke(JdkDynamicAopProxy.java:208)
	at com.sun.proxy.$Proxy101.deleteAll(Unknown Source)
	at de.prokimedo.test.KrankheitTest.TearDown(KrankheitTest.java:204)
]]></error>
  </testcase>
</testsuite>